{"C:\\Users\\USER\\Desktop\\CC ascend\\ascend\\src\\types\\sync.ts": {"path":"C:\\Users\\USER\\Desktop\\CC ascend\\ascend\\src\\types\\sync.ts","statementMap":{"0":{"start":{"line":27,"column":13},"end":{"line":31,"column":2}}},"fnMap":{},"branchMap":{},"s":{"0":1},"f":{},"b":{}}
,"C:\\Users\\USER\\Desktop\\CC ascend\\ascend\\src\\utils\\config.ts": {"path":"C:\\Users\\USER\\Desktop\\CC ascend\\ascend\\src\\utils\\config.ts","statementMap":{"0":{"start":{"line":19,"column":13},"end":{"line":32,"column":2}},"1":{"start":{"line":34,"column":13},"end":{"line":36,"column":55}},"2":{"start":{"line":38,"column":13},"end":{"line":39,"column":49}},"3":{"start":{"line":41,"column":13},"end":{"line":42,"column":57}}},"fnMap":{},"branchMap":{"0":{"loc":{"start":{"line":35,"column":2},"end":{"line":36,"column":54}},"type":"binary-expr","locations":[{"start":{"line":35,"column":2},"end":{"line":35,"column":45}},{"start":{"line":36,"column":2},"end":{"line":36,"column":54}}]}},"s":{"0":0,"1":0,"2":0,"3":0},"f":{},"b":{"0":[0,0]}}
,"C:\\Users\\USER\\Desktop\\CC ascend\\ascend\\src\\utils\\eventsApi.ts": {"path":"C:\\Users\\USER\\Desktop\\CC ascend\\ascend\\src\\utils\\eventsApi.ts","statementMap":{"0":{"start":{"line":44,"column":0},"end":{"line":44,"column":7}},"1":{"start":{"line":8,"column":21},"end":{"line":8,"column":50}},"2":{"start":{"line":9,"column":22},"end":{"line":9,"column":48}},"3":{"start":{"line":12,"column":2},"end":{"line":12,"column":32}},"4":{"start":{"line":12,"column":20},"end":{"line":12,"column":32}},"5":{"start":{"line":13,"column":19},"end":{"line":13,"column":64}},"6":{"start":{"line":14,"column":2},"end":{"line":14,"column":69}},"7":{"start":{"line":14,"column":34},"end":{"line":14,"column":69}},"8":{"start":{"line":16,"column":2},"end":{"line":32,"column":3}},"9":{"start":{"line":18,"column":6},"end":{"line":20,"column":58}},"10":{"start":{"line":21,"column":16},"end":{"line":21,"column":32}},"11":{"start":{"line":22,"column":4},"end":{"line":22,"column":29}},"12":{"start":{"line":22,"column":17},"end":{"line":22,"column":29}},"13":{"start":{"line":23,"column":17},"end":{"line":23,"column":33}},"14":{"start":{"line":24,"column":17},"end":{"line":24,"column":64}},"15":{"start":{"line":25,"column":16},"end":{"line":25,"column":63}},"16":{"start":{"line":26,"column":4},"end":{"line":26,"column":47}},"17":{"start":{"line":26,"column":35},"end":{"line":26,"column":47}},"18":{"start":{"line":27,"column":19},"end":{"line":27,"column":32}},"19":{"start":{"line":28,"column":4},"end":{"line":28,"column":39}},"20":{"start":{"line":29,"column":4},"end":{"line":29,"column":18}},"21":{"start":{"line":31,"column":4},"end":{"line":31,"column":16}},"22":{"start":{"line":36,"column":2},"end":{"line":36,"column":30}},"23":{"start":{"line":36,"column":18},"end":{"line":36,"column":30}},"24":{"start":{"line":37,"column":2},"end":{"line":37,"column":30}},"25":{"start":{"line":37,"column":18},"end":{"line":37,"column":30}},"26":{"start":{"line":38,"column":2},"end":{"line":38,"column":31}},"27":{"start":{"line":38,"column":18},"end":{"line":38,"column":31}},"28":{"start":{"line":39,"column":2},"end":{"line":39,"column":31}},"29":{"start":{"line":39,"column":18},"end":{"line":39,"column":31}},"30":{"start":{"line":40,"column":2},"end":{"line":40,"column":30}},"31":{"start":{"line":40,"column":18},"end":{"line":40,"column":30}},"32":{"start":{"line":41,"column":2},"end":{"line":41,"column":14}},"33":{"start":{"line":49,"column":2},"end":{"line":178,"column":3}},"34":{"start":{"line":51,"column":21},"end":{"line":51,"column":58}},"35":{"start":{"line":53,"column":4},"end":{"line":56,"column":5}},"36":{"start":{"line":54,"column":6},"end":{"line":54,"column":51}},"37":{"start":{"line":55,"column":6},"end":{"line":55,"column":16}},"38":{"start":{"line":58,"column":4},"end":{"line":58,"column":68}},"39":{"start":{"line":61,"column":24},"end":{"line":61,"column":47}},"40":{"start":{"line":64,"column":21},"end":{"line":65,"column":null}},"41":{"start":{"line":68,"column":4},"end":{"line":71,"column":5}},"42":{"start":{"line":69,"column":6},"end":{"line":69,"column":60}},"43":{"start":{"line":70,"column":6},"end":{"line":70,"column":16}},"44":{"start":{"line":73,"column":17},"end":{"line":73,"column":38}},"45":{"start":{"line":74,"column":19},"end":{"line":74,"column":36}},"46":{"start":{"line":76,"column":4},"end":{"line":76,"column":67}},"47":{"start":{"line":78,"column":4},"end":{"line":80,"column":5}},"48":{"start":{"line":79,"column":6},"end":{"line":79,"column":16}},"49":{"start":{"line":83,"column":28},"end":{"line":171,"column":null}},"50":{"start":{"line":86,"column":20},"end":{"line":86,"column":30}},"51":{"start":{"line":87,"column":24},"end":{"line":87,"column":135}},"52":{"start":{"line":88,"column":24},"end":{"line":88,"column":31}},"53":{"start":{"line":91,"column":8},"end":{"line":101,"column":9}},"54":{"start":{"line":92,"column":52},"end":{"line":95,"column":12}},"55":{"start":{"line":96,"column":24},"end":{"line":96,"column":58}},"56":{"start":{"line":97,"column":22},"end":{"line":97,"column":53}},"57":{"start":{"line":98,"column":10},"end":{"line":98,"column":45}},"58":{"start":{"line":99,"column":15},"end":{"line":101,"column":9}},"59":{"start":{"line":100,"column":10},"end":{"line":100,"column":49}},"60":{"start":{"line":104,"column":8},"end":{"line":111,"column":9}},"61":{"start":{"line":105,"column":28},"end":{"line":105,"column":80}},"62":{"start":{"line":106,"column":10},"end":{"line":108,"column":11}},"63":{"start":{"line":107,"column":12},"end":{"line":107,"column":75}},"64":{"start":{"line":109,"column":15},"end":{"line":111,"column":9}},"65":{"start":{"line":110,"column":10},"end":{"line":110,"column":33}},"66":{"start":{"line":114,"column":18},"end":{"line":114,"column":19}},"67":{"start":{"line":115,"column":18},"end":{"line":115,"column":19}},"68":{"start":{"line":116,"column":8},"end":{"line":150,"column":9}},"69":{"start":{"line":118,"column":28},"end":{"line":118,"column":50}},"70":{"start":{"line":119,"column":10},"end":{"line":149,"column":11}},"71":{"start":{"line":120,"column":12},"end":{"line":120,"column":26}},"72":{"start":{"line":121,"column":12},"end":{"line":121,"column":27}},"73":{"start":{"line":122,"column":17},"end":{"line":149,"column":11}},"74":{"start":{"line":123,"column":12},"end":{"line":123,"column":26}},"75":{"start":{"line":124,"column":12},"end":{"line":124,"column":28}},"76":{"start":{"line":125,"column":17},"end":{"line":149,"column":11}},"77":{"start":{"line":126,"column":12},"end":{"line":126,"column":26}},"78":{"start":{"line":127,"column":12},"end":{"line":127,"column":28}},"79":{"start":{"line":128,"column":17},"end":{"line":149,"column":11}},"80":{"start":{"line":129,"column":12},"end":{"line":129,"column":26}},"81":{"start":{"line":130,"column":12},"end":{"line":130,"column":27}},"82":{"start":{"line":131,"column":17},"end":{"line":149,"column":11}},"83":{"start":{"line":132,"column":12},"end":{"line":132,"column":26}},"84":{"start":{"line":133,"column":12},"end":{"line":133,"column":27}},"85":{"start":{"line":134,"column":17},"end":{"line":149,"column":11}},"86":{"start":{"line":135,"column":12},"end":{"line":135,"column":26}},"87":{"start":{"line":136,"column":12},"end":{"line":136,"column":27}},"88":{"start":{"line":137,"column":17},"end":{"line":149,"column":11}},"89":{"start":{"line":138,"column":12},"end":{"line":138,"column":26}},"90":{"start":{"line":139,"column":12},"end":{"line":139,"column":27}},"91":{"start":{"line":140,"column":17},"end":{"line":149,"column":11}},"92":{"start":{"line":141,"column":12},"end":{"line":141,"column":26}},"93":{"start":{"line":142,"column":12},"end":{"line":142,"column":28}},"94":{"start":{"line":143,"column":17},"end":{"line":149,"column":11}},"95":{"start":{"line":144,"column":12},"end":{"line":144,"column":26}},"96":{"start":{"line":145,"column":12},"end":{"line":145,"column":28}},"97":{"start":{"line":146,"column":17},"end":{"line":149,"column":11}},"98":{"start":{"line":147,"column":12},"end":{"line":147,"column":26}},"99":{"start":{"line":148,"column":12},"end":{"line":148,"column":27}},"100":{"start":{"line":152,"column":24},"end":{"line":152,"column":67}},"101":{"start":{"line":154,"column":8},"end":{"line":170,"column":10}},"102":{"start":{"line":174,"column":4},"end":{"line":174,"column":27}},"103":{"start":{"line":176,"column":4},"end":{"line":176,"column":45}},"104":{"start":{"line":177,"column":4},"end":{"line":177,"column":14}}},"fnMap":{"0":{"name":"fetchTemperature","decl":{"start":{"line":11,"column":15},"end":{"line":11,"column":31}},"loc":{"start":{"line":11,"column":70},"end":{"line":33,"column":1}}},"1":{"name":"tempEmoji","decl":{"start":{"line":35,"column":9},"end":{"line":35,"column":18}},"loc":{"start":{"line":35,"column":31},"end":{"line":42,"column":1}}},"2":{"name":"fetchLocalEvents","decl":{"start":{"line":44,"column":22},"end":{"line":44,"column":38}},"loc":{"start":{"line":47,"column":20},"end":{"line":179,"column":1}}},"3":{"name":"(anonymous_3)","decl":{"start":{"line":84,"column":30},"end":{"line":84,"column":35}},"loc":{"start":{"line":84,"column":76},"end":{"line":171,"column":7}}}},"branchMap":{"0":{"loc":{"start":{"line":12,"column":2},"end":{"line":12,"column":32}},"type":"if","locations":[{"start":{"line":12,"column":2},"end":{"line":12,"column":32}}]},"1":{"loc":{"start":{"line":12,"column":6},"end":{"line":12,"column":18}},"type":"binary-expr","locations":[{"start":{"line":12,"column":6},"end":{"line":12,"column":10}},{"start":{"line":12,"column":14},"end":{"line":12,"column":18}}]},"2":{"loc":{"start":{"line":14,"column":2},"end":{"line":14,"column":69}},"type":"if","locations":[{"start":{"line":14,"column":2},"end":{"line":14,"column":69}}]},"3":{"loc":{"start":{"line":22,"column":4},"end":{"line":22,"column":29}},"type":"if","locations":[{"start":{"line":22,"column":4},"end":{"line":22,"column":29}}]},"4":{"loc":{"start":{"line":26,"column":4},"end":{"line":26,"column":47}},"type":"if","locations":[{"start":{"line":26,"column":4},"end":{"line":26,"column":47}}]},"5":{"loc":{"start":{"line":26,"column":8},"end":{"line":26,"column":33}},"type":"binary-expr","locations":[{"start":{"line":26,"column":8},"end":{"line":26,"column":19}},{"start":{"line":26,"column":23},"end":{"line":26,"column":33}}]},"6":{"loc":{"start":{"line":36,"column":2},"end":{"line":36,"column":30}},"type":"if","locations":[{"start":{"line":36,"column":2},"end":{"line":36,"column":30}}]},"7":{"loc":{"start":{"line":37,"column":2},"end":{"line":37,"column":30}},"type":"if","locations":[{"start":{"line":37,"column":2},"end":{"line":37,"column":30}}]},"8":{"loc":{"start":{"line":38,"column":2},"end":{"line":38,"column":31}},"type":"if","locations":[{"start":{"line":38,"column":2},"end":{"line":38,"column":31}}]},"9":{"loc":{"start":{"line":39,"column":2},"end":{"line":39,"column":31}},"type":"if","locations":[{"start":{"line":39,"column":2},"end":{"line":39,"column":31}}]},"10":{"loc":{"start":{"line":40,"column":2},"end":{"line":40,"column":30}},"type":"if","locations":[{"start":{"line":40,"column":2},"end":{"line":40,"column":30}}]},"11":{"loc":{"start":{"line":51,"column":21},"end":{"line":51,"column":58}},"type":"cond-expr","locations":[{"start":{"line":51,"column":28},"end":{"line":51,"column":53}},{"start":{"line":51,"column":56},"end":{"line":51,"column":58}}]},"12":{"loc":{"start":{"line":53,"column":4},"end":{"line":56,"column":5}},"type":"if","locations":[{"start":{"line":53,"column":4},"end":{"line":56,"column":5}}]},"13":{"loc":{"start":{"line":68,"column":4},"end":{"line":71,"column":5}},"type":"if","locations":[{"start":{"line":68,"column":4},"end":{"line":71,"column":5}}]},"14":{"loc":{"start":{"line":74,"column":19},"end":{"line":74,"column":36}},"type":"binary-expr","locations":[{"start":{"line":74,"column":19},"end":{"line":74,"column":30}},{"start":{"line":74,"column":34},"end":{"line":74,"column":36}}]},"15":{"loc":{"start":{"line":78,"column":4},"end":{"line":80,"column":5}},"type":"if","locations":[{"start":{"line":78,"column":4},"end":{"line":80,"column":5}}]},"16":{"loc":{"start":{"line":91,"column":8},"end":{"line":101,"column":9}},"type":"if","locations":[{"start":{"line":91,"column":8},"end":{"line":101,"column":9}},{"start":{"line":99,"column":15},"end":{"line":101,"column":9}}]},"17":{"loc":{"start":{"line":91,"column":12},"end":{"line":91,"column":94}},"type":"binary-expr","locations":[{"start":{"line":91,"column":12},"end":{"line":91,"column":22}},{"start":{"line":91,"column":26},"end":{"line":91,"column":56}},{"start":{"line":91,"column":60},"end":{"line":91,"column":74}},{"start":{"line":91,"column":78},"end":{"line":91,"column":94}}]},"18":{"loc":{"start":{"line":96,"column":24},"end":{"line":96,"column":58}},"type":"binary-expr","locations":[{"start":{"line":96,"column":24},"end":{"line":96,"column":50}},{"start":{"line":96,"column":54},"end":{"line":96,"column":58}}]},"19":{"loc":{"start":{"line":99,"column":15},"end":{"line":101,"column":9}},"type":"if","locations":[{"start":{"line":99,"column":15},"end":{"line":101,"column":9}}]},"20":{"loc":{"start":{"line":104,"column":8},"end":{"line":111,"column":9}},"type":"if","locations":[{"start":{"line":104,"column":8},"end":{"line":111,"column":9}},{"start":{"line":109,"column":15},"end":{"line":111,"column":9}}]},"21":{"loc":{"start":{"line":104,"column":12},"end":{"line":104,"column":64}},"type":"binary-expr","locations":[{"start":{"line":104,"column":12},"end":{"line":104,"column":26}},{"start":{"line":104,"column":30},"end":{"line":104,"column":64}}]},"22":{"loc":{"start":{"line":106,"column":10},"end":{"line":108,"column":11}},"type":"if","locations":[{"start":{"line":106,"column":10},"end":{"line":108,"column":11}}]},"23":{"loc":{"start":{"line":109,"column":15},"end":{"line":111,"column":9}},"type":"if","locations":[{"start":{"line":109,"column":15},"end":{"line":111,"column":9}}]},"24":{"loc":{"start":{"line":109,"column":19},"end":{"line":109,"column":63}},"type":"binary-expr","locations":[{"start":{"line":109,"column":19},"end":{"line":109,"column":29}},{"start":{"line":109,"column":33},"end":{"line":109,"column":63}}]},"25":{"loc":{"start":{"line":116,"column":8},"end":{"line":150,"column":9}},"type":"if","locations":[{"start":{"line":116,"column":8},"end":{"line":150,"column":9}}]},"26":{"loc":{"start":{"line":119,"column":10},"end":{"line":149,"column":11}},"type":"if","locations":[{"start":{"line":119,"column":10},"end":{"line":149,"column":11}},{"start":{"line":122,"column":17},"end":{"line":149,"column":11}}]},"27":{"loc":{"start":{"line":122,"column":17},"end":{"line":149,"column":11}},"type":"if","locations":[{"start":{"line":122,"column":17},"end":{"line":149,"column":11}},{"start":{"line":125,"column":17},"end":{"line":149,"column":11}}]},"28":{"loc":{"start":{"line":125,"column":17},"end":{"line":149,"column":11}},"type":"if","locations":[{"start":{"line":125,"column":17},"end":{"line":149,"column":11}},{"start":{"line":128,"column":17},"end":{"line":149,"column":11}}]},"29":{"loc":{"start":{"line":128,"column":17},"end":{"line":149,"column":11}},"type":"if","locations":[{"start":{"line":128,"column":17},"end":{"line":149,"column":11}},{"start":{"line":131,"column":17},"end":{"line":149,"column":11}}]},"30":{"loc":{"start":{"line":131,"column":17},"end":{"line":149,"column":11}},"type":"if","locations":[{"start":{"line":131,"column":17},"end":{"line":149,"column":11}},{"start":{"line":134,"column":17},"end":{"line":149,"column":11}}]},"31":{"loc":{"start":{"line":134,"column":17},"end":{"line":149,"column":11}},"type":"if","locations":[{"start":{"line":134,"column":17},"end":{"line":149,"column":11}},{"start":{"line":137,"column":17},"end":{"line":149,"column":11}}]},"32":{"loc":{"start":{"line":137,"column":17},"end":{"line":149,"column":11}},"type":"if","locations":[{"start":{"line":137,"column":17},"end":{"line":149,"column":11}},{"start":{"line":140,"column":17},"end":{"line":149,"column":11}}]},"33":{"loc":{"start":{"line":140,"column":17},"end":{"line":149,"column":11}},"type":"if","locations":[{"start":{"line":140,"column":17},"end":{"line":149,"column":11}},{"start":{"line":143,"column":17},"end":{"line":149,"column":11}}]},"34":{"loc":{"start":{"line":143,"column":17},"end":{"line":149,"column":11}},"type":"if","locations":[{"start":{"line":143,"column":17},"end":{"line":149,"column":11}},{"start":{"line":146,"column":17},"end":{"line":149,"column":11}}]},"35":{"loc":{"start":{"line":146,"column":17},"end":{"line":149,"column":11}},"type":"if","locations":[{"start":{"line":146,"column":17},"end":{"line":149,"column":11}}]},"36":{"loc":{"start":{"line":156,"column":17},"end":{"line":156,"column":48}},"type":"binary-expr","locations":[{"start":{"line":156,"column":17},"end":{"line":156,"column":28}},{"start":{"line":156,"column":32},"end":{"line":156,"column":48}}]},"37":{"loc":{"start":{"line":157,"column":23},"end":{"line":157,"column":130}},"type":"binary-expr","locations":[{"start":{"line":157,"column":23},"end":{"line":157,"column":55}},{"start":{"line":157,"column":60},"end":{"line":157,"column":129}}]},"38":{"loc":{"start":{"line":157,"column":60},"end":{"line":157,"column":129}},"type":"cond-expr","locations":[{"start":{"line":157,"column":76},"end":{"line":157,"column":103}},{"start":{"line":157,"column":106},"end":{"line":157,"column":129}}]},"39":{"loc":{"start":{"line":161,"column":18},"end":{"line":161,"column":63}},"type":"binary-expr","locations":[{"start":{"line":161,"column":18},"end":{"line":161,"column":31}},{"start":{"line":161,"column":35},"end":{"line":161,"column":63}}]},"40":{"loc":{"start":{"line":161,"column":38},"end":{"line":161,"column":61}},"type":"binary-expr","locations":[{"start":{"line":161,"column":38},"end":{"line":161,"column":49}},{"start":{"line":161,"column":53},"end":{"line":161,"column":61}}]},"41":{"loc":{"start":{"line":168,"column":15},"end":{"line":168,"column":31}},"type":"binary-expr","locations":[{"start":{"line":168,"column":15},"end":{"line":168,"column":25}},{"start":{"line":168,"column":29},"end":{"line":168,"column":31}}]},"42":{"loc":{"start":{"line":169,"column":19},"end":{"line":169,"column":39}},"type":"binary-expr","locations":[{"start":{"line":169,"column":19},"end":{"line":169,"column":26}},{"start":{"line":169,"column":30},"end":{"line":169,"column":39}}]}},"s":{"0":0,"1":0,"2":0,"3":0,"4":0,"5":0,"6":0,"7":0,"8":0,"9":0,"10":0,"11":0,"12":0,"13":0,"14":0,"15":0,"16":0,"17":0,"18":0,"19":0,"20":0,"21":0,"22":0,"23":0,"24":0,"25":0,"26":0,"27":0,"28":0,"29":0,"30":0,"31":0,"32":0,"33":0,"34":0,"35":0,"36":0,"37":0,"38":0,"39":0,"40":0,"41":0,"42":0,"43":0,"44":0,"45":0,"46":0,"47":0,"48":0,"49":0,"50":0,"51":0,"52":0,"53":0,"54":0,"55":0,"56":0,"57":0,"58":0,"59":0,"60":0,"61":0,"62":0,"63":0,"64":0,"65":0,"66":0,"67":0,"68":0,"69":0,"70":0,"71":0,"72":0,"73":0,"74":0,"75":0,"76":0,"77":0,"78":0,"79":0,"80":0,"81":0,"82":0,"83":0,"84":0,"85":0,"86":0,"87":0,"88":0,"89":0,"90":0,"91":0,"92":0,"93":0,"94":0,"95":0,"96":0,"97":0,"98":0,"99":0,"100":0,"101":0,"102":0,"103":0,"104":0},"f":{"0":0,"1":0,"2":0,"3":0},"b":{"0":[0],"1":[0,0],"2":[0],"3":[0],"4":[0],"5":[0,0],"6":[0],"7":[0],"8":[0],"9":[0],"10":[0],"11":[0,0],"12":[0],"13":[0],"14":[0,0],"15":[0],"16":[0,0],"17":[0,0,0,0],"18":[0,0],"19":[0],"20":[0,0],"21":[0,0],"22":[0],"23":[0],"24":[0,0],"25":[0],"26":[0,0],"27":[0,0],"28":[0,0],"29":[0,0],"30":[0,0],"31":[0,0],"32":[0,0],"33":[0,0],"34":[0,0],"35":[0],"36":[0,0],"37":[0,0],"38":[0,0],"39":[0,0],"40":[0,0],"41":[0,0],"42":[0,0]}}
,"C:\\Users\\USER\\Desktop\\CC ascend\\ascend\\src\\utils\\migration.ts": {"path":"C:\\Users\\USER\\Desktop\\CC ascend\\ascend\\src\\utils\\migration.ts","statementMap":{"0":{"start":{"line":18,"column":0},"end":{"line":18,"column":16}},"1":{"start":{"line":41,"column":0},"end":{"line":41,"column":7}},"2":{"start":{"line":177,"column":0},"end":{"line":177,"column":16}},"3":{"start":{"line":2,"column":0},"end":{"line":2,"column":70}},"4":{"start":{"line":19,"column":2},"end":{"line":35,"column":4}},"5":{"start":{"line":46,"column":2},"end":{"line":99,"column":3}},"6":{"start":{"line":48,"column":4},"end":{"line":48,"column":58}},"7":{"start":{"line":49,"column":19},"end":{"line":49,"column":48}},"8":{"start":{"line":50,"column":4},"end":{"line":50,"column":80}},"9":{"start":{"line":53,"column":4},"end":{"line":53,"column":58}},"10":{"start":{"line":54,"column":46},"end":{"line":54,"column":48}},"11":{"start":{"line":55,"column":4},"end":{"line":76,"column":5}},"12":{"start":{"line":56,"column":23},"end":{"line":69,"column":8}},"13":{"start":{"line":70,"column":6},"end":{"line":72,"column":7}},"14":{"start":{"line":71,"column":8},"end":{"line":71,"column":30}},"15":{"start":{"line":75,"column":6},"end":{"line":75,"column":80}},"16":{"start":{"line":79,"column":4},"end":{"line":79,"column":58}},"17":{"start":{"line":80,"column":23},"end":{"line":80,"column":75}},"18":{"start":{"line":83,"column":4},"end":{"line":83,"column":58}},"19":{"start":{"line":84,"column":4},"end":{"line":86,"column":7}},"20":{"start":{"line":89,"column":4},"end":{"line":89,"column":57}},"21":{"start":{"line":90,"column":4},"end":{"line":90,"column":73}},"22":{"start":{"line":92,"column":4},"end":{"line":92,"column":29}},"23":{"start":{"line":94,"column":21},"end":{"line":94,"column":75}},"24":{"start":{"line":95,"column":4},"end":{"line":95,"column":69}},"25":{"start":{"line":96,"column":4},"end":{"line":96,"column":70}},"26":{"start":{"line":98,"column":4},"end":{"line":98,"column":47}},"27":{"start":{"line":113,"column":2},"end":{"line":147,"column":4}},"28":{"start":{"line":157,"column":14},"end":{"line":157,"column":34}},"29":{"start":{"line":160,"column":2},"end":{"line":163,"column":5}},"30":{"start":{"line":161,"column":16},"end":{"line":161,"column":47}},"31":{"start":{"line":162,"column":4},"end":{"line":162,"column":23}},"32":{"start":{"line":166,"column":2},"end":{"line":169,"column":5}},"33":{"start":{"line":167,"column":16},"end":{"line":167,"column":47}},"34":{"start":{"line":168,"column":4},"end":{"line":168,"column":23}},"35":{"start":{"line":171,"column":2},"end":{"line":171,"column":34}},"36":{"start":{"line":178,"column":2},"end":{"line":189,"column":4}}},"fnMap":{"0":{"name":"backupGuestData","decl":{"start":{"line":18,"column":16},"end":{"line":18,"column":31}},"loc":{"start":{"line":18,"column":55},"end":{"line":36,"column":1}}},"1":{"name":"migrateGuestDataToCloud","decl":{"start":{"line":41,"column":22},"end":{"line":41,"column":45}},"loc":{"start":{"line":44,"column":46},"end":{"line":100,"column":1}}},"2":{"name":"mergeGuestDataWithExisting","decl":{"start":{"line":109,"column":9},"end":{"line":109,"column":35}},"loc":{"start":{"line":111,"column":33},"end":{"line":148,"column":1}}},"3":{"name":"mergeArraysByTimestamp","decl":{"start":{"line":153,"column":9},"end":{"line":153,"column":31}},"loc":{"start":{"line":155,"column":13},"end":{"line":172,"column":1}}},"4":{"name":"(anonymous_4)","decl":{"start":{"line":160,"column":17},"end":{"line":160,"column":18}},"loc":{"start":{"line":160,"column":26},"end":{"line":163,"column":3}}},"5":{"name":"(anonymous_5)","decl":{"start":{"line":166,"column":16},"end":{"line":166,"column":17}},"loc":{"start":{"line":166,"column":25},"end":{"line":169,"column":3}}},"6":{"name":"hasGuestDataToMigrate","decl":{"start":{"line":177,"column":16},"end":{"line":177,"column":37}},"loc":{"start":{"line":177,"column":61},"end":{"line":190,"column":1}}}},"branchMap":{"0":{"loc":{"start":{"line":70,"column":6},"end":{"line":72,"column":7}},"type":"if","locations":[{"start":{"line":70,"column":6},"end":{"line":72,"column":7}}]},"1":{"loc":{"start":{"line":94,"column":21},"end":{"line":94,"column":75}},"type":"cond-expr","locations":[{"start":{"line":94,"column":46},"end":{"line":94,"column":59}},{"start":{"line":94,"column":62},"end":{"line":94,"column":75}}]},"2":{"loc":{"start":{"line":114,"column":35},"end":{"line":114,"column":53}},"type":"binary-expr","locations":[{"start":{"line":114,"column":35},"end":{"line":114,"column":47}},{"start":{"line":114,"column":51},"end":{"line":114,"column":53}}]},"3":{"loc":{"start":{"line":114,"column":55},"end":{"line":114,"column":74}},"type":"binary-expr","locations":[{"start":{"line":114,"column":55},"end":{"line":114,"column":68}},{"start":{"line":114,"column":72},"end":{"line":114,"column":74}}]},"4":{"loc":{"start":{"line":118,"column":6},"end":{"line":118,"column":32}},"type":"binary-expr","locations":[{"start":{"line":118,"column":6},"end":{"line":118,"column":26}},{"start":{"line":118,"column":30},"end":{"line":118,"column":32}}]},"5":{"loc":{"start":{"line":119,"column":6},"end":{"line":119,"column":33}},"type":"binary-expr","locations":[{"start":{"line":119,"column":6},"end":{"line":119,"column":27}},{"start":{"line":119,"column":31},"end":{"line":119,"column":33}}]},"6":{"loc":{"start":{"line":122,"column":6},"end":{"line":122,"column":31}},"type":"binary-expr","locations":[{"start":{"line":122,"column":6},"end":{"line":122,"column":25}},{"start":{"line":122,"column":29},"end":{"line":122,"column":31}}]},"7":{"loc":{"start":{"line":123,"column":6},"end":{"line":123,"column":32}},"type":"binary-expr","locations":[{"start":{"line":123,"column":6},"end":{"line":123,"column":26}},{"start":{"line":123,"column":30},"end":{"line":123,"column":32}}]},"8":{"loc":{"start":{"line":126,"column":6},"end":{"line":126,"column":32}},"type":"binary-expr","locations":[{"start":{"line":126,"column":6},"end":{"line":126,"column":26}},{"start":{"line":126,"column":30},"end":{"line":126,"column":32}}]},"9":{"loc":{"start":{"line":127,"column":6},"end":{"line":127,"column":33}},"type":"binary-expr","locations":[{"start":{"line":127,"column":6},"end":{"line":127,"column":27}},{"start":{"line":127,"column":31},"end":{"line":127,"column":33}}]},"10":{"loc":{"start":{"line":129,"column":40},"end":{"line":129,"column":62}},"type":"binary-expr","locations":[{"start":{"line":129,"column":40},"end":{"line":129,"column":56}},{"start":{"line":129,"column":60},"end":{"line":129,"column":62}}]},"11":{"loc":{"start":{"line":129,"column":64},"end":{"line":129,"column":87}},"type":"binary-expr","locations":[{"start":{"line":129,"column":64},"end":{"line":129,"column":81}},{"start":{"line":129,"column":85},"end":{"line":129,"column":87}}]},"12":{"loc":{"start":{"line":131,"column":6},"end":{"line":131,"column":37}},"type":"binary-expr","locations":[{"start":{"line":131,"column":6},"end":{"line":131,"column":31}},{"start":{"line":131,"column":35},"end":{"line":131,"column":37}}]},"13":{"loc":{"start":{"line":132,"column":6},"end":{"line":132,"column":38}},"type":"binary-expr","locations":[{"start":{"line":132,"column":6},"end":{"line":132,"column":32}},{"start":{"line":132,"column":36},"end":{"line":132,"column":38}}]},"14":{"loc":{"start":{"line":135,"column":6},"end":{"line":135,"column":32}},"type":"binary-expr","locations":[{"start":{"line":135,"column":6},"end":{"line":135,"column":26}},{"start":{"line":135,"column":30},"end":{"line":135,"column":32}}]},"15":{"loc":{"start":{"line":136,"column":6},"end":{"line":136,"column":33}},"type":"binary-expr","locations":[{"start":{"line":136,"column":6},"end":{"line":136,"column":27}},{"start":{"line":136,"column":31},"end":{"line":136,"column":33}}]},"16":{"loc":{"start":{"line":139,"column":6},"end":{"line":139,"column":30}},"type":"binary-expr","locations":[{"start":{"line":139,"column":6},"end":{"line":139,"column":24}},{"start":{"line":139,"column":28},"end":{"line":139,"column":30}}]},"17":{"loc":{"start":{"line":140,"column":6},"end":{"line":140,"column":31}},"type":"binary-expr","locations":[{"start":{"line":140,"column":6},"end":{"line":140,"column":25}},{"start":{"line":140,"column":29},"end":{"line":140,"column":31}}]},"18":{"loc":{"start":{"line":142,"column":35},"end":{"line":142,"column":53}},"type":"binary-expr","locations":[{"start":{"line":142,"column":35},"end":{"line":142,"column":47}},{"start":{"line":142,"column":51},"end":{"line":142,"column":53}}]},"19":{"loc":{"start":{"line":142,"column":55},"end":{"line":142,"column":74}},"type":"binary-expr","locations":[{"start":{"line":142,"column":55},"end":{"line":142,"column":68}},{"start":{"line":142,"column":72},"end":{"line":142,"column":74}}]},"20":{"loc":{"start":{"line":144,"column":6},"end":{"line":144,"column":33}},"type":"binary-expr","locations":[{"start":{"line":144,"column":6},"end":{"line":144,"column":27}},{"start":{"line":144,"column":31},"end":{"line":144,"column":33}}]},"21":{"loc":{"start":{"line":145,"column":6},"end":{"line":145,"column":34}},"type":"binary-expr","locations":[{"start":{"line":145,"column":6},"end":{"line":145,"column":28}},{"start":{"line":145,"column":32},"end":{"line":145,"column":34}}]},"22":{"loc":{"start":{"line":161,"column":16},"end":{"line":161,"column":47}},"type":"binary-expr","locations":[{"start":{"line":161,"column":16},"end":{"line":161,"column":23}},{"start":{"line":161,"column":27},"end":{"line":161,"column":47}}]},"23":{"loc":{"start":{"line":167,"column":16},"end":{"line":167,"column":47}},"type":"binary-expr","locations":[{"start":{"line":167,"column":16},"end":{"line":167,"column":23}},{"start":{"line":167,"column":27},"end":{"line":167,"column":47}}]},"24":{"loc":{"start":{"line":179,"column":4},"end":{"line":188,"column":50}},"type":"binary-expr","locations":[{"start":{"line":179,"column":4},"end":{"line":179,"column":37}},{"start":{"line":180,"column":4},"end":{"line":180,"column":45}},{"start":{"line":181,"column":4},"end":{"line":181,"column":37}},{"start":{"line":182,"column":4},"end":{"line":182,"column":46}},{"start":{"line":183,"column":4},"end":{"line":183,"column":41}},{"start":{"line":184,"column":4},"end":{"line":184,"column":44}},{"start":{"line":185,"column":4},"end":{"line":185,"column":45}},{"start":{"line":186,"column":4},"end":{"line":186,"column":43}},{"start":{"line":187,"column":4},"end":{"line":187,"column":45}},{"start":{"line":188,"column":4},"end":{"line":188,"column":50}}]},"25":{"loc":{"start":{"line":179,"column":5},"end":{"line":179,"column":32}},"type":"binary-expr","locations":[{"start":{"line":179,"column":5},"end":{"line":179,"column":27}},{"start":{"line":179,"column":31},"end":{"line":179,"column":32}}]},"26":{"loc":{"start":{"line":180,"column":5},"end":{"line":180,"column":40}},"type":"binary-expr","locations":[{"start":{"line":180,"column":5},"end":{"line":180,"column":35}},{"start":{"line":180,"column":39},"end":{"line":180,"column":40}}]},"27":{"loc":{"start":{"line":181,"column":5},"end":{"line":181,"column":32}},"type":"binary-expr","locations":[{"start":{"line":181,"column":5},"end":{"line":181,"column":27}},{"start":{"line":181,"column":31},"end":{"line":181,"column":32}}]},"28":{"loc":{"start":{"line":182,"column":5},"end":{"line":182,"column":41}},"type":"binary-expr","locations":[{"start":{"line":182,"column":5},"end":{"line":182,"column":36}},{"start":{"line":182,"column":40},"end":{"line":182,"column":41}}]},"29":{"loc":{"start":{"line":183,"column":5},"end":{"line":183,"column":36}},"type":"binary-expr","locations":[{"start":{"line":183,"column":5},"end":{"line":183,"column":31}},{"start":{"line":183,"column":35},"end":{"line":183,"column":36}}]},"30":{"loc":{"start":{"line":184,"column":5},"end":{"line":184,"column":39}},"type":"binary-expr","locations":[{"start":{"line":184,"column":5},"end":{"line":184,"column":34}},{"start":{"line":184,"column":38},"end":{"line":184,"column":39}}]},"31":{"loc":{"start":{"line":185,"column":5},"end":{"line":185,"column":40}},"type":"binary-expr","locations":[{"start":{"line":185,"column":5},"end":{"line":185,"column":35}},{"start":{"line":185,"column":39},"end":{"line":185,"column":40}}]},"32":{"loc":{"start":{"line":186,"column":5},"end":{"line":186,"column":38}},"type":"binary-expr","locations":[{"start":{"line":186,"column":5},"end":{"line":186,"column":33}},{"start":{"line":186,"column":37},"end":{"line":186,"column":38}}]},"33":{"loc":{"start":{"line":187,"column":5},"end":{"line":187,"column":40}},"type":"binary-expr","locations":[{"start":{"line":187,"column":5},"end":{"line":187,"column":35}},{"start":{"line":187,"column":39},"end":{"line":187,"column":40}}]},"34":{"loc":{"start":{"line":188,"column":5},"end":{"line":188,"column":45}},"type":"binary-expr","locations":[{"start":{"line":188,"column":5},"end":{"line":188,"column":40}},{"start":{"line":188,"column":44},"end":{"line":188,"column":45}}]}},"s":{"0":0,"1":0,"2":0,"3":0,"4":0,"5":0,"6":0,"7":0,"8":0,"9":0,"10":0,"11":0,"12":0,"13":0,"14":0,"15":0,"16":0,"17":0,"18":0,"19":0,"20":0,"21":0,"22":0,"23":0,"24":0,"25":0,"26":0,"27":0,"28":0,"29":0,"30":0,"31":0,"32":0,"33":0,"34":0,"35":0,"36":0},"f":{"0":0,"1":0,"2":0,"3":0,"4":0,"5":0,"6":0},"b":{"0":[0],"1":[0,0],"2":[0,0],"3":[0,0],"4":[0,0],"5":[0,0],"6":[0,0],"7":[0,0],"8":[0,0],"9":[0,0],"10":[0,0],"11":[0,0],"12":[0,0],"13":[0,0],"14":[0,0],"15":[0,0],"16":[0,0],"17":[0,0],"18":[0,0],"19":[0,0],"20":[0,0],"21":[0,0],"22":[0,0],"23":[0,0],"24":[0,0,0,0,0,0,0,0,0,0],"25":[0,0],"26":[0,0],"27":[0,0],"28":[0,0],"29":[0,0],"30":[0,0],"31":[0,0],"32":[0,0],"33":[0,0],"34":[0,0]}}
,"C:\\Users\\USER\\Desktop\\CC ascend\\ascend\\src\\utils\\profanityFilter.ts": {"path":"C:\\Users\\USER\\Desktop\\CC ascend\\ascend\\src\\utils\\profanityFilter.ts","statementMap":{"0":{"start":{"line":13,"column":0},"end":{"line":13,"column":16}},"1":{"start":{"line":17,"column":0},"end":{"line":17,"column":16}},"2":{"start":{"line":21,"column":0},"end":{"line":21,"column":16}},"3":{"start":{"line":2,"column":23},"end":{"line":8,"column":2}},"4":{"start":{"line":11,"column":23},"end":{"line":11,"column":78}},"5":{"start":{"line":14,"column":2},"end":{"line":14,"column":35}},"6":{"start":{"line":18,"column":2},"end":{"line":18,"column":45}},"7":{"start":{"line":22,"column":2},"end":{"line":22,"column":87}}},"fnMap":{"0":{"name":"containsProfanity","decl":{"start":{"line":13,"column":16},"end":{"line":13,"column":33}},"loc":{"start":{"line":13,"column":46},"end":{"line":15,"column":1}}},"1":{"name":"censorProfanity","decl":{"start":{"line":17,"column":16},"end":{"line":17,"column":31}},"loc":{"start":{"line":17,"column":44},"end":{"line":19,"column":1}}},"2":{"name":"getProfanityWarning","decl":{"start":{"line":21,"column":16},"end":{"line":21,"column":35}},"loc":{"start":{"line":21,"column":35},"end":{"line":23,"column":1}}}},"branchMap":{},"s":{"0":0,"1":0,"2":0,"3":0,"4":0,"5":0,"6":0,"7":0},"f":{"0":0,"1":0,"2":0},"b":{}}
,"C:\\Users\\USER\\Desktop\\CC ascend\\ascend\\src\\utils\\responsive.ts": {"path":"C:\\Users\\USER\\Desktop\\CC ascend\\ascend\\src\\utils\\responsive.ts","statementMap":{"0":{"start":{"line":13,"column":0},"end":{"line":13,"column":16}},"1":{"start":{"line":1,"column":0},"end":{"line":1,"column":42}},"2":{"start":{"line":2,"column":0},"end":{"line":2,"column":44}},"3":{"start":{"line":3,"column":0},"end":{"line":3,"column":84}},"4":{"start":{"line":6,"column":13},"end":{"line":10,"column":2}},"5":{"start":{"line":14,"column":28},"end":{"line":14,"column":68}},"6":{"start":{"line":15,"column":2},"end":{"line":18,"column":9}},"7":{"start":{"line":16,"column":16},"end":{"line":16,"column":93}},"8":{"start":{"line":16,"column":70},"end":{"line":16,"column":92}},"9":{"start":{"line":17,"column":4},"end":{"line":17,"column":30}},"10":{"start":{"line":17,"column":17},"end":{"line":17,"column":29}},"11":{"start":{"line":19,"column":2},"end":{"line":19,"column":15}},"12":{"start":{"line":22,"column":28},"end":{"line":22,"column":80}},"13":{"start":{"line":22,"column":43},"end":{"line":22,"column":80}},"14":{"start":{"line":22,"column":13},"end":{"line":22,"column":28}},"15":{"start":{"line":25,"column":25},"end":{"line":25,"column":91}},"16":{"start":{"line":25,"column":40},"end":{"line":25,"column":91}},"17":{"start":{"line":25,"column":13},"end":{"line":25,"column":25}},"18":{"start":{"line":26,"column":24},"end":{"line":26,"column":91}},"19":{"start":{"line":26,"column":39},"end":{"line":26,"column":91}},"20":{"start":{"line":26,"column":13},"end":{"line":26,"column":24}},"21":{"start":{"line":27,"column":24},"end":{"line":30,"column":1}},"22":{"start":{"line":28,"column":16},"end":{"line":28,"column":46}},"23":{"start":{"line":29,"column":2},"end":{"line":29,"column":67}},"24":{"start":{"line":27,"column":13},"end":{"line":27,"column":24}},"25":{"start":{"line":33,"column":13},"end":{"line":33,"column":33}},"26":{"start":{"line":34,"column":13},"end":{"line":34,"column":38}},"27":{"start":{"line":35,"column":13},"end":{"line":35,"column":34}},"28":{"start":{"line":36,"column":13},"end":{"line":36,"column":30}},"29":{"start":{"line":39,"column":31},"end":{"line":41,"column":1}},"30":{"start":{"line":40,"column":2},"end":{"line":40,"column":69}},"31":{"start":{"line":39,"column":13},"end":{"line":39,"column":31}},"32":{"start":{"line":44,"column":37},"end":{"line":46,"column":1}},"33":{"start":{"line":45,"column":2},"end":{"line":45,"column":89}},"34":{"start":{"line":44,"column":13},"end":{"line":44,"column":37}},"35":{"start":{"line":49,"column":29},"end":{"line":51,"column":1}},"36":{"start":{"line":50,"column":2},"end":{"line":50,"column":32}},"37":{"start":{"line":49,"column":13},"end":{"line":49,"column":29}},"38":{"start":{"line":54,"column":13},"end":{"line":58,"column":2}},"39":{"start":{"line":61,"column":13},"end":{"line":65,"column":2}}},"fnMap":{"0":{"name":"useScreenWidth","decl":{"start":{"line":13,"column":16},"end":{"line":13,"column":30}},"loc":{"start":{"line":13,"column":30},"end":{"line":20,"column":1}}},"1":{"name":"(anonymous_1)","decl":{"start":{"line":15,"column":12},"end":{"line":15,"column":15}},"loc":{"start":{"line":15,"column":17},"end":{"line":18,"column":3}}},"2":{"name":"(anonymous_2)","decl":{"start":{"line":16,"column":54},"end":{"line":16,"column":55}},"loc":{"start":{"line":16,"column":70},"end":{"line":16,"column":92}}},"3":{"name":"(anonymous_3)","decl":{"start":{"line":17,"column":11},"end":{"line":17,"column":14}},"loc":{"start":{"line":17,"column":17},"end":{"line":17,"column":29}}},"4":{"name":"(anonymous_4)","decl":{"start":{"line":22,"column":28},"end":{"line":22,"column":40}},"loc":{"start":{"line":22,"column":43},"end":{"line":22,"column":80}}},"5":{"name":"(anonymous_5)","decl":{"start":{"line":25,"column":25},"end":{"line":25,"column":37}},"loc":{"start":{"line":25,"column":40},"end":{"line":25,"column":91}}},"6":{"name":"(anonymous_6)","decl":{"start":{"line":26,"column":24},"end":{"line":26,"column":36}},"loc":{"start":{"line":26,"column":39},"end":{"line":26,"column":91}}},"7":{"name":"(anonymous_7)","decl":{"start":{"line":27,"column":24},"end":{"line":27,"column":36}},"loc":{"start":{"line":27,"column":38},"end":{"line":30,"column":1}}},"8":{"name":"(anonymous_8)","decl":{"start":{"line":39,"column":31},"end":{"line":39,"column":42}},"loc":{"start":{"line":39,"column":44},"end":{"line":41,"column":1}}},"9":{"name":"(anonymous_9)","decl":{"start":{"line":44,"column":37},"end":{"line":44,"column":38}},"loc":{"start":{"line":44,"column":127},"end":{"line":46,"column":1}}},"10":{"name":"(anonymous_10)","decl":{"start":{"line":49,"column":29},"end":{"line":49,"column":30}},"loc":{"start":{"line":49,"column":77},"end":{"line":51,"column":1}}}},"branchMap":{"0":{"loc":{"start":{"line":29,"column":9},"end":{"line":29,"column":66}},"type":"binary-expr","locations":[{"start":{"line":29,"column":9},"end":{"line":29,"column":35}},{"start":{"line":29,"column":39},"end":{"line":29,"column":66}}]},"1":{"loc":{"start":{"line":45,"column":9},"end":{"line":45,"column":88}},"type":"cond-expr","locations":[{"start":{"line":45,"column":23},"end":{"line":45,"column":65}},{"start":{"line":45,"column":68},"end":{"line":45,"column":88}}]},"2":{"loc":{"start":{"line":45,"column":39},"end":{"line":45,"column":64}},"type":"binary-expr","locations":[{"start":{"line":45,"column":39},"end":{"line":45,"column":50}},{"start":{"line":45,"column":54},"end":{"line":45,"column":64}}]}},"s":{"0":0,"1":0,"2":0,"3":0,"4":0,"5":0,"6":0,"7":0,"8":0,"9":0,"10":0,"11":0,"12":0,"13":0,"14":0,"15":0,"16":0,"17":0,"18":0,"19":0,"20":0,"21":0,"22":0,"23":0,"24":0,"25":0,"26":0,"27":0,"28":0,"29":0,"30":0,"31":0,"32":0,"33":0,"34":0,"35":0,"36":0,"37":0,"38":0,"39":0},"f":{"0":0,"1":0,"2":0,"3":0,"4":0,"5":0,"6":0,"7":0,"8":0,"9":0,"10":0},"b":{"0":[0,0],"1":[0,0],"2":[0,0]}}
,"C:\\Users\\USER\\Desktop\\CC ascend\\ascend\\src\\utils\\runtimeConfig.ts": {"path":"C:\\Users\\USER\\Desktop\\CC ascend\\ascend\\src\\utils\\runtimeConfig.ts","statementMap":{"0":{"start":{"line":24,"column":0},"end":{"line":24,"column":7}},"1":{"start":{"line":42,"column":0},"end":{"line":42,"column":7}},"2":{"start":{"line":50,"column":0},"end":{"line":50,"column":16}},"3":{"start":{"line":54,"column":0},"end":{"line":54,"column":16}},"4":{"start":{"line":58,"column":0},"end":{"line":58,"column":16}},"5":{"start":{"line":63,"column":0},"end":{"line":63,"column":16}},"6":{"start":{"line":5,"column":0},"end":{"line":5,"column":51}},"7":{"start":{"line":6,"column":0},"end":{"line":6,"column":34}},"8":{"start":{"line":7,"column":0},"end":{"line":7,"column":69}},"9":{"start":{"line":15,"column":29},"end":{"line":19,"column":2}},"10":{"start":{"line":21,"column":45},"end":{"line":21,"column":49}},"11":{"start":{"line":25,"column":30},"end":{"line":29,"column":4}},"12":{"start":{"line":32,"column":2},"end":{"line":36,"column":4}},"13":{"start":{"line":37,"column":2},"end":{"line":37,"column":25}},"14":{"start":{"line":38,"column":2},"end":{"line":38,"column":17}},"15":{"start":{"line":43,"column":2},"end":{"line":43,"column":95}},"16":{"start":{"line":43,"column":41},"end":{"line":43,"column":95}},"17":{"start":{"line":44,"column":2},"end":{"line":44,"column":108}},"18":{"start":{"line":44,"column":45},"end":{"line":44,"column":108}},"19":{"start":{"line":45,"column":2},"end":{"line":45,"column":89}},"20":{"start":{"line":45,"column":39},"end":{"line":45,"column":89}},"21":{"start":{"line":46,"column":2},"end":{"line":46,"column":39}},"22":{"start":{"line":47,"column":2},"end":{"line":47,"column":25}},"23":{"start":{"line":51,"column":2},"end":{"line":51,"column":17}},"24":{"start":{"line":55,"column":2},"end":{"line":55,"column":65}},"25":{"start":{"line":59,"column":2},"end":{"line":59,"column":36}},"26":{"start":{"line":64,"column":2},"end":{"line":64,"column":38}},"27":{"start":{"line":64,"column":26},"end":{"line":64,"column":38}},"28":{"start":{"line":65,"column":2},"end":{"line":67,"column":3}},"29":{"start":{"line":66,"column":4},"end":{"line":66,"column":81}},"30":{"start":{"line":68,"column":2},"end":{"line":68,"column":25}}},"fnMap":{"0":{"name":"loadRuntimeConfig","decl":{"start":{"line":24,"column":22},"end":{"line":24,"column":39}},"loc":{"start":{"line":24,"column":39},"end":{"line":39,"column":1}}},"1":{"name":"saveRuntimeConfig","decl":{"start":{"line":42,"column":22},"end":{"line":42,"column":39}},"loc":{"start":{"line":42,"column":71},"end":{"line":48,"column":1}}},"2":{"name":"getRuntimeConfig","decl":{"start":{"line":50,"column":16},"end":{"line":50,"column":32}},"loc":{"start":{"line":50,"column":32},"end":{"line":52,"column":1}}},"3":{"name":"isSupabaseReady","decl":{"start":{"line":54,"column":16},"end":{"line":54,"column":31}},"loc":{"start":{"line":54,"column":31},"end":{"line":56,"column":1}}},"4":{"name":"isMeetupReady","decl":{"start":{"line":58,"column":16},"end":{"line":58,"column":29}},"loc":{"start":{"line":58,"column":29},"end":{"line":60,"column":1}}},"5":{"name":"getSupabaseClient","decl":{"start":{"line":63,"column":16},"end":{"line":63,"column":33}},"loc":{"start":{"line":63,"column":33},"end":{"line":69,"column":1}}}},"branchMap":{"0":{"loc":{"start":{"line":18,"column":13},"end":{"line":18,"column":40}},"type":"binary-expr","locations":[{"start":{"line":18,"column":13},"end":{"line":18,"column":34}},{"start":{"line":18,"column":38},"end":{"line":18,"column":40}}]},"1":{"loc":{"start":{"line":33,"column":17},"end":{"line":33,"column":43}},"type":"binary-expr","locations":[{"start":{"line":33,"column":17},"end":{"line":33,"column":20}},{"start":{"line":33,"column":24},"end":{"line":33,"column":43}}]},"2":{"loc":{"start":{"line":34,"column":21},"end":{"line":34,"column":52}},"type":"binary-expr","locations":[{"start":{"line":34,"column":21},"end":{"line":34,"column":25}},{"start":{"line":34,"column":29},"end":{"line":34,"column":52}}]},"3":{"loc":{"start":{"line":35,"column":15},"end":{"line":35,"column":52}},"type":"binary-expr","locations":[{"start":{"line":35,"column":15},"end":{"line":35,"column":21}},{"start":{"line":35,"column":25},"end":{"line":35,"column":46}},{"start":{"line":35,"column":50},"end":{"line":35,"column":52}}]},"4":{"loc":{"start":{"line":43,"column":2},"end":{"line":43,"column":95}},"type":"if","locations":[{"start":{"line":43,"column":2},"end":{"line":43,"column":95}}]},"5":{"loc":{"start":{"line":44,"column":2},"end":{"line":44,"column":108}},"type":"if","locations":[{"start":{"line":44,"column":2},"end":{"line":44,"column":108}}]},"6":{"loc":{"start":{"line":45,"column":2},"end":{"line":45,"column":89}},"type":"if","locations":[{"start":{"line":45,"column":2},"end":{"line":45,"column":89}}]},"7":{"loc":{"start":{"line":55,"column":17},"end":{"line":55,"column":63}},"type":"binary-expr","locations":[{"start":{"line":55,"column":17},"end":{"line":55,"column":36}},{"start":{"line":55,"column":40},"end":{"line":55,"column":63}}]},"8":{"loc":{"start":{"line":64,"column":2},"end":{"line":64,"column":38}},"type":"if","locations":[{"start":{"line":64,"column":2},"end":{"line":64,"column":38}}]},"9":{"loc":{"start":{"line":65,"column":2},"end":{"line":67,"column":3}},"type":"if","locations":[{"start":{"line":65,"column":2},"end":{"line":67,"column":3}}]}},"s":{"0":0,"1":0,"2":0,"3":0,"4":0,"5":0,"6":0,"7":0,"8":0,"9":0,"10":0,"11":0,"12":0,"13":0,"14":0,"15":0,"16":0,"17":0,"18":0,"19":0,"20":0,"21":0,"22":0,"23":0,"24":0,"25":0,"26":0,"27":0,"28":0,"29":0,"30":0},"f":{"0":0,"1":0,"2":0,"3":0,"4":0,"5":0},"b":{"0":[0,0],"1":[0,0],"2":[0,0],"3":[0,0,0],"4":[0],"5":[0],"6":[0],"7":[0,0],"8":[0],"9":[0]}}
,"C:\\Users\\USER\\Desktop\\CC ascend\\ascend\\src\\utils\\storage.ts": {"path":"C:\\Users\\USER\\Desktop\\CC ascend\\ascend\\src\\utils\\storage.ts","statementMap":{"0":{"start":{"line":29,"column":0},"end":{"line":29,"column":7}},"1":{"start":{"line":39,"column":0},"end":{"line":39,"column":7}},"2":{"start":{"line":48,"column":0},"end":{"line":48,"column":7}},"3":{"start":{"line":57,"column":0},"end":{"line":57,"column":7}},"4":{"start":{"line":1,"column":0},"end":{"line":1,"column":69}},"5":{"start":{"line":3,"column":13},"end":{"line":27,"column":2}},"6":{"start":{"line":88,"column":9},"end":{"line":88,"column":13}},"7":{"start":{"line":30,"column":2},"end":{"line":36,"column":3}},"8":{"start":{"line":31,"column":18},"end":{"line":31,"column":49}},"9":{"start":{"line":32,"column":4},"end":{"line":32,"column":44}},"10":{"start":{"line":34,"column":4},"end":{"line":34,"column":74}},"11":{"start":{"line":35,"column":4},"end":{"line":35,"column":16}},"12":{"start":{"line":40,"column":2},"end":{"line":45,"column":3}},"13":{"start":{"line":41,"column":4},"end":{"line":41,"column":59}},"14":{"start":{"line":43,"column":4},"end":{"line":43,"column":75}},"15":{"start":{"line":49,"column":2},"end":{"line":54,"column":3}},"16":{"start":{"line":50,"column":4},"end":{"line":50,"column":39}},"17":{"start":{"line":52,"column":4},"end":{"line":52,"column":76}},"18":{"start":{"line":58,"column":2},"end":{"line":85,"column":3}},"19":{"start":{"line":60,"column":25},"end":{"line":78,"column":6}},"20":{"start":{"line":80,"column":4},"end":{"line":80,"column":77}},"21":{"start":{"line":80,"column":46},"end":{"line":80,"column":74}},"22":{"start":{"line":81,"column":4},"end":{"line":81,"column":51}},"23":{"start":{"line":83,"column":4},"end":{"line":83,"column":77}}},"fnMap":{"0":{"name":"getData","decl":{"start":{"line":29,"column":22},"end":{"line":29,"column":29}},"loc":{"start":{"line":29,"column":44},"end":{"line":37,"column":1}}},"1":{"name":"setData","decl":{"start":{"line":39,"column":22},"end":{"line":39,"column":29}},"loc":{"start":{"line":39,"column":54},"end":{"line":46,"column":1}}},"2":{"name":"removeData","decl":{"start":{"line":48,"column":22},"end":{"line":48,"column":32}},"loc":{"start":{"line":48,"column":44},"end":{"line":55,"column":1}}},"3":{"name":"clearAllData","decl":{"start":{"line":57,"column":22},"end":{"line":57,"column":34}},"loc":{"start":{"line":57,"column":34},"end":{"line":86,"column":1}}},"4":{"name":"(anonymous_5)","decl":{"start":{"line":80,"column":39},"end":{"line":80,"column":42}},"loc":{"start":{"line":80,"column":46},"end":{"line":80,"column":74}}}},"branchMap":{"0":{"loc":{"start":{"line":32,"column":11},"end":{"line":32,"column":43}},"type":"cond-expr","locations":[{"start":{"line":32,"column":19},"end":{"line":32,"column":36}},{"start":{"line":32,"column":39},"end":{"line":32,"column":43}}]},"1":{"loc":{"start":{"line":34,"column":54},"end":{"line":34,"column":72}},"type":"binary-expr","locations":[{"start":{"line":34,"column":54},"end":{"line":34,"column":65}},{"start":{"line":34,"column":69},"end":{"line":34,"column":72}}]},"2":{"loc":{"start":{"line":43,"column":55},"end":{"line":43,"column":73}},"type":"binary-expr","locations":[{"start":{"line":43,"column":55},"end":{"line":43,"column":66}},{"start":{"line":43,"column":70},"end":{"line":43,"column":73}}]},"3":{"loc":{"start":{"line":52,"column":56},"end":{"line":52,"column":74}},"type":"binary-expr","locations":[{"start":{"line":52,"column":56},"end":{"line":52,"column":67}},{"start":{"line":52,"column":71},"end":{"line":52,"column":74}}]},"4":{"loc":{"start":{"line":83,"column":57},"end":{"line":83,"column":75}},"type":"binary-expr","locations":[{"start":{"line":83,"column":57},"end":{"line":83,"column":68}},{"start":{"line":83,"column":72},"end":{"line":83,"column":75}}]}},"s":{"0":0,"1":0,"2":0,"3":0,"4":0,"5":0,"6":0,"7":0,"8":0,"9":0,"10":0,"11":0,"12":0,"13":0,"14":0,"15":0,"16":0,"17":0,"18":0,"19":0,"20":0,"21":0,"22":0,"23":0},"f":{"0":0,"1":0,"2":0,"3":0,"4":0},"b":{"0":[0,0],"1":[0,0],"2":[0,0],"3":[0,0],"4":[0,0]}}
,"C:\\Users\\USER\\Desktop\\CC ascend\\ascend\\src\\utils\\supabase.ts": {"path":"C:\\Users\\USER\\Desktop\\CC ascend\\ascend\\src\\utils\\supabase.ts","statementMap":{"0":{"start":{"line":61,"column":0},"end":{"line":61,"column":7}},"1":{"start":{"line":77,"column":0},"end":{"line":77,"column":7}},"2":{"start":{"line":98,"column":0},"end":{"line":98,"column":7}},"3":{"start":{"line":133,"column":0},"end":{"line":133,"column":7}},"4":{"start":{"line":145,"column":0},"end":{"line":145,"column":7}},"5":{"start":{"line":178,"column":0},"end":{"line":178,"column":7}},"6":{"start":{"line":207,"column":0},"end":{"line":207,"column":7}},"7":{"start":{"line":260,"column":0},"end":{"line":260,"column":7}},"8":{"start":{"line":292,"column":0},"end":{"line":292,"column":7}},"9":{"start":{"line":320,"column":0},"end":{"line":320,"column":7}},"10":{"start":{"line":348,"column":0},"end":{"line":348,"column":7}},"11":{"start":{"line":383,"column":0},"end":{"line":383,"column":7}},"12":{"start":{"line":438,"column":0},"end":{"line":438,"column":7}},"13":{"start":{"line":490,"column":0},"end":{"line":490,"column":7}},"14":{"start":{"line":542,"column":0},"end":{"line":542,"column":7}},"15":{"start":{"line":614,"column":0},"end":{"line":614,"column":7}},"16":{"start":{"line":620,"column":0},"end":{"line":620,"column":7}},"17":{"start":{"line":626,"column":0},"end":{"line":626,"column":7}},"18":{"start":{"line":632,"column":0},"end":{"line":632,"column":7}},"19":{"start":{"line":639,"column":0},"end":{"line":639,"column":16}},"20":{"start":{"line":1,"column":0},"end":{"line":1,"column":28}},"21":{"start":{"line":645,"column":9},"end":{"line":1,"column":69}},"22":{"start":{"line":62,"column":13},"end":{"line":62,"column":32}},"23":{"start":{"line":63,"column":2},"end":{"line":63,"column":21}},"24":{"start":{"line":63,"column":11},"end":{"line":63,"column":21}},"25":{"start":{"line":64,"column":14},"end":{"line":67,"column":46}},"26":{"start":{"line":68,"column":2},"end":{"line":68,"column":77}},"27":{"start":{"line":68,"column":38},"end":{"line":68,"column":77}},"28":{"start":{"line":69,"column":26},"end":{"line":69,"column":37}},"29":{"start":{"line":70,"column":2},"end":{"line":70,"column":25}},"30":{"start":{"line":70,"column":13},"end":{"line":70,"column":25}},"31":{"start":{"line":71,"column":2},"end":{"line":74,"column":6}},"32":{"start":{"line":71,"column":39},"end":{"line":74,"column":4}},"33":{"start":{"line":78,"column":13},"end":{"line":78,"column":32}},"34":{"start":{"line":79,"column":2},"end":{"line":79,"column":23}},"35":{"start":{"line":79,"column":11},"end":{"line":79,"column":23}},"36":{"start":{"line":80,"column":2},"end":{"line":95,"column":3}},"37":{"start":{"line":81,"column":28},"end":{"line":86,"column":15}},"38":{"start":{"line":87,"column":4},"end":{"line":90,"column":5}},"39":{"start":{"line":88,"column":6},"end":{"line":88,"column":56}},"40":{"start":{"line":89,"column":6},"end":{"line":89,"column":18}},"41":{"start":{"line":91,"column":4},"end":{"line":91,"column":54}},"42":{"start":{"line":93,"column":4},"end":{"line":93,"column":56}},"43":{"start":{"line":94,"column":4},"end":{"line":94,"column":16}},"44":{"start":{"line":101,"column":13},"end":{"line":101,"column":32}},"45":{"start":{"line":102,"column":2},"end":{"line":102,"column":54}},"46":{"start":{"line":102,"column":11},"end":{"line":102,"column":54}},"47":{"start":{"line":105,"column":47},"end":{"line":105,"column":70}},"48":{"start":{"line":106,"column":2},"end":{"line":106,"column":75}},"49":{"start":{"line":106,"column":26},"end":{"line":106,"column":75}},"50":{"start":{"line":108,"column":2},"end":{"line":130,"column":3}},"51":{"start":{"line":110,"column":28},"end":{"line":118,"column":15}},"52":{"start":{"line":120,"column":4},"end":{"line":123,"column":5}},"53":{"start":{"line":121,"column":6},"end":{"line":121,"column":53}},"54":{"start":{"line":122,"column":6},"end":{"line":122,"column":64}},"55":{"start":{"line":125,"column":4},"end":{"line":125,"column":68}},"56":{"start":{"line":125,"column":15},"end":{"line":125,"column":68}},"57":{"start":{"line":126,"column":4},"end":{"line":126,"column":16}},"58":{"start":{"line":128,"column":4},"end":{"line":128,"column":47}},"59":{"start":{"line":129,"column":4},"end":{"line":129,"column":14}},"60":{"start":{"line":134,"column":13},"end":{"line":134,"column":32}},"61":{"start":{"line":135,"column":2},"end":{"line":135,"column":21}},"62":{"start":{"line":135,"column":11},"end":{"line":135,"column":21}},"63":{"start":{"line":136,"column":26},"end":{"line":140,"column":45}},"64":{"start":{"line":141,"column":2},"end":{"line":141,"column":25}},"65":{"start":{"line":141,"column":13},"end":{"line":141,"column":25}},"66":{"start":{"line":142,"column":2},"end":{"line":142,"column":20}},"67":{"start":{"line":148,"column":13},"end":{"line":148,"column":32}},"68":{"start":{"line":149,"column":2},"end":{"line":149,"column":54}},"69":{"start":{"line":149,"column":11},"end":{"line":149,"column":54}},"70":{"start":{"line":152,"column":47},"end":{"line":152,"column":70}},"71":{"start":{"line":153,"column":2},"end":{"line":153,"column":78}},"72":{"start":{"line":153,"column":26},"end":{"line":153,"column":78}},"73":{"start":{"line":155,"column":2},"end":{"line":175,"column":3}},"74":{"start":{"line":156,"column":28},"end":{"line":164,"column":15}},"75":{"start":{"line":166,"column":4},"end":{"line":169,"column":5}},"76":{"start":{"line":167,"column":6},"end":{"line":167,"column":52}},"77":{"start":{"line":168,"column":6},"end":{"line":168,"column":67}},"78":{"start":{"line":171,"column":4},"end":{"line":171,"column":16}},"79":{"start":{"line":173,"column":4},"end":{"line":173,"column":50}},"80":{"start":{"line":174,"column":4},"end":{"line":174,"column":14}},"81":{"start":{"line":179,"column":13},"end":{"line":179,"column":32}},"82":{"start":{"line":180,"column":2},"end":{"line":180,"column":54}},"83":{"start":{"line":180,"column":11},"end":{"line":180,"column":54}},"84":{"start":{"line":183,"column":47},"end":{"line":183,"column":70}},"85":{"start":{"line":184,"column":2},"end":{"line":184,"column":75}},"86":{"start":{"line":184,"column":26},"end":{"line":184,"column":75}},"87":{"start":{"line":186,"column":2},"end":{"line":204,"column":3}},"88":{"start":{"line":187,"column":28},"end":{"line":193,"column":15}},"89":{"start":{"line":195,"column":4},"end":{"line":198,"column":5}},"90":{"start":{"line":196,"column":6},"end":{"line":196,"column":52}},"91":{"start":{"line":197,"column":6},"end":{"line":197,"column":67}},"92":{"start":{"line":200,"column":4},"end":{"line":200,"column":16}},"93":{"start":{"line":202,"column":4},"end":{"line":202,"column":48}},"94":{"start":{"line":203,"column":4},"end":{"line":203,"column":14}},"95":{"start":{"line":208,"column":13},"end":{"line":208,"column":32}},"96":{"start":{"line":209,"column":2},"end":{"line":209,"column":71}},"97":{"start":{"line":209,"column":11},"end":{"line":209,"column":71}},"98":{"start":{"line":211,"column":2},"end":{"line":211,"column":58}},"99":{"start":{"line":213,"column":2},"end":{"line":257,"column":3}},"100":{"start":{"line":215,"column":49},"end":{"line":219,"column":15}},"101":{"start":{"line":221,"column":4},"end":{"line":224,"column":5}},"102":{"start":{"line":222,"column":6},"end":{"line":222,"column":60}},"103":{"start":{"line":223,"column":6},"end":{"line":223,"column":60}},"104":{"start":{"line":227,"column":49},"end":{"line":227,"column":72}},"105":{"start":{"line":228,"column":4},"end":{"line":231,"column":5}},"106":{"start":{"line":229,"column":6},"end":{"line":229,"column":53}},"107":{"start":{"line":230,"column":6},"end":{"line":230,"column":74}},"108":{"start":{"line":233,"column":4},"end":{"line":233,"column":79}},"109":{"start":{"line":236,"column":4},"end":{"line":239,"column":5}},"110":{"start":{"line":237,"column":6},"end":{"line":237,"column":53}},"111":{"start":{"line":238,"column":6},"end":{"line":238,"column":80}},"112":{"start":{"line":242,"column":35},"end":{"line":245,"column":26}},"113":{"start":{"line":247,"column":4},"end":{"line":250,"column":5}},"114":{"start":{"line":248,"column":6},"end":{"line":248,"column":60}},"115":{"start":{"line":249,"column":6},"end":{"line":249,"column":90}},"116":{"start":{"line":252,"column":4},"end":{"line":252,"column":48}},"117":{"start":{"line":253,"column":4},"end":{"line":253,"column":29}},"118":{"start":{"line":255,"column":4},"end":{"line":255,"column":48}},"119":{"start":{"line":256,"column":4},"end":{"line":256,"column":80}},"120":{"start":{"line":261,"column":13},"end":{"line":261,"column":32}},"121":{"start":{"line":262,"column":2},"end":{"line":262,"column":54}},"122":{"start":{"line":262,"column":11},"end":{"line":262,"column":54}},"123":{"start":{"line":265,"column":47},"end":{"line":265,"column":70}},"124":{"start":{"line":266,"column":2},"end":{"line":266,"column":75}},"125":{"start":{"line":266,"column":26},"end":{"line":266,"column":75}},"126":{"start":{"line":268,"column":2},"end":{"line":289,"column":3}},"127":{"start":{"line":269,"column":28},"end":{"line":278,"column":15}},"128":{"start":{"line":280,"column":4},"end":{"line":283,"column":5}},"129":{"start":{"line":281,"column":6},"end":{"line":281,"column":49}},"130":{"start":{"line":282,"column":6},"end":{"line":282,"column":64}},"131":{"start":{"line":285,"column":4},"end":{"line":285,"column":16}},"132":{"start":{"line":287,"column":4},"end":{"line":287,"column":45}},"133":{"start":{"line":288,"column":4},"end":{"line":288,"column":14}},"134":{"start":{"line":293,"column":13},"end":{"line":293,"column":32}},"135":{"start":{"line":294,"column":2},"end":{"line":294,"column":71}},"136":{"start":{"line":294,"column":11},"end":{"line":294,"column":71}},"137":{"start":{"line":296,"column":2},"end":{"line":296,"column":52}},"138":{"start":{"line":298,"column":2},"end":{"line":315,"column":3}},"139":{"start":{"line":300,"column":35},"end":{"line":303,"column":23}},"140":{"start":{"line":305,"column":4},"end":{"line":308,"column":5}},"141":{"start":{"line":306,"column":6},"end":{"line":306,"column":57}},"142":{"start":{"line":307,"column":6},"end":{"line":307,"column":87}},"143":{"start":{"line":310,"column":4},"end":{"line":310,"column":45}},"144":{"start":{"line":311,"column":4},"end":{"line":311,"column":29}},"145":{"start":{"line":313,"column":4},"end":{"line":313,"column":45}},"146":{"start":{"line":314,"column":4},"end":{"line":314,"column":77}},"147":{"start":{"line":321,"column":13},"end":{"line":321,"column":32}},"148":{"start":{"line":322,"column":2},"end":{"line":325,"column":3}},"149":{"start":{"line":323,"column":4},"end":{"line":323,"column":65}},"150":{"start":{"line":324,"column":4},"end":{"line":324,"column":11}},"151":{"start":{"line":326,"column":2},"end":{"line":345,"column":3}},"152":{"start":{"line":327,"column":4},"end":{"line":327,"column":61}},"153":{"start":{"line":328,"column":22},"end":{"line":332,"column":6}},"154":{"start":{"line":333,"column":4},"end":{"line":340,"column":5}},"155":{"start":{"line":334,"column":6},"end":{"line":334,"column":61}},"156":{"start":{"line":336,"column":6},"end":{"line":338,"column":7}},"157":{"start":{"line":337,"column":8},"end":{"line":337,"column":86}},"158":{"start":{"line":339,"column":6},"end":{"line":339,"column":18}},"159":{"start":{"line":341,"column":4},"end":{"line":341,"column":53}},"160":{"start":{"line":343,"column":4},"end":{"line":343,"column":68}},"161":{"start":{"line":344,"column":4},"end":{"line":344,"column":14}},"162":{"start":{"line":349,"column":13},"end":{"line":349,"column":32}},"163":{"start":{"line":350,"column":2},"end":{"line":353,"column":3}},"164":{"start":{"line":351,"column":4},"end":{"line":351,"column":68}},"165":{"start":{"line":352,"column":4},"end":{"line":352,"column":16}},"166":{"start":{"line":354,"column":2},"end":{"line":374,"column":3}},"167":{"start":{"line":355,"column":4},"end":{"line":355,"column":62}},"168":{"start":{"line":356,"column":28},"end":{"line":356,"column":97}},"169":{"start":{"line":357,"column":4},"end":{"line":365,"column":5}},"170":{"start":{"line":359,"column":6},"end":{"line":363,"column":7}},"171":{"start":{"line":360,"column":8},"end":{"line":360,"column":70}},"172":{"start":{"line":362,"column":8},"end":{"line":362,"column":63}},"173":{"start":{"line":364,"column":6},"end":{"line":364,"column":18}},"174":{"start":{"line":366,"column":4},"end":{"line":369,"column":5}},"175":{"start":{"line":367,"column":6},"end":{"line":367,"column":56}},"176":{"start":{"line":368,"column":6},"end":{"line":368,"column":18}},"177":{"start":{"line":370,"column":4},"end":{"line":370,"column":16}},"178":{"start":{"line":372,"column":4},"end":{"line":372,"column":68}},"179":{"start":{"line":373,"column":4},"end":{"line":373,"column":16}},"180":{"start":{"line":388,"column":13},"end":{"line":388,"column":32}},"181":{"start":{"line":389,"column":2},"end":{"line":392,"column":3}},"182":{"start":{"line":390,"column":4},"end":{"line":390,"column":68}},"183":{"start":{"line":391,"column":4},"end":{"line":391,"column":16}},"184":{"start":{"line":394,"column":2},"end":{"line":431,"column":3}},"185":{"start":{"line":395,"column":20},"end":{"line":402,"column":6}},"186":{"start":{"line":400,"column":29},"end":{"line":400,"column":46}},"187":{"start":{"line":404,"column":4},"end":{"line":404,"column":91}},"188":{"start":{"line":405,"column":16},"end":{"line":405,"column":93}},"189":{"start":{"line":408,"column":4},"end":{"line":410,"column":5}},"190":{"start":{"line":409,"column":6},"end":{"line":409,"column":53}},"191":{"start":{"line":412,"column":28},"end":{"line":412,"column":39}},"192":{"start":{"line":414,"column":4},"end":{"line":421,"column":5}},"193":{"start":{"line":415,"column":6},"end":{"line":419,"column":7}},"194":{"start":{"line":416,"column":8},"end":{"line":416,"column":70}},"195":{"start":{"line":418,"column":8},"end":{"line":418,"column":71}},"196":{"start":{"line":420,"column":6},"end":{"line":420,"column":18}},"197":{"start":{"line":423,"column":4},"end":{"line":426,"column":5}},"198":{"start":{"line":424,"column":6},"end":{"line":424,"column":64}},"199":{"start":{"line":425,"column":6},"end":{"line":425,"column":18}},"200":{"start":{"line":427,"column":4},"end":{"line":427,"column":16}},"201":{"start":{"line":429,"column":4},"end":{"line":429,"column":76}},"202":{"start":{"line":430,"column":4},"end":{"line":430,"column":16}},"203":{"start":{"line":443,"column":13},"end":{"line":443,"column":32}},"204":{"start":{"line":444,"column":2},"end":{"line":447,"column":3}},"205":{"start":{"line":445,"column":4},"end":{"line":445,"column":65}},"206":{"start":{"line":446,"column":4},"end":{"line":446,"column":11}},"207":{"start":{"line":449,"column":2},"end":{"line":483,"column":3}},"208":{"start":{"line":450,"column":4},"end":{"line":450,"column":69}},"209":{"start":{"line":453,"column":28},"end":{"line":457,"column":6}},"210":{"start":{"line":460,"column":4},"end":{"line":462,"column":7}},"211":{"start":{"line":461,"column":6},"end":{"line":461,"column":35}},"212":{"start":{"line":465,"column":4},"end":{"line":467,"column":7}},"213":{"start":{"line":466,"column":6},"end":{"line":466,"column":66}},"214":{"start":{"line":469,"column":22},"end":{"line":469,"column":67}},"215":{"start":{"line":471,"column":4},"end":{"line":477,"column":5}},"216":{"start":{"line":472,"column":6},"end":{"line":472,"column":69}},"217":{"start":{"line":473,"column":6},"end":{"line":475,"column":7}},"218":{"start":{"line":474,"column":8},"end":{"line":474,"column":86}},"219":{"start":{"line":476,"column":6},"end":{"line":476,"column":18}},"220":{"start":{"line":479,"column":4},"end":{"line":479,"column":61}},"221":{"start":{"line":481,"column":4},"end":{"line":481,"column":76}},"222":{"start":{"line":482,"column":4},"end":{"line":482,"column":14}},"223":{"start":{"line":496,"column":13},"end":{"line":496,"column":32}},"224":{"start":{"line":497,"column":2},"end":{"line":500,"column":3}},"225":{"start":{"line":498,"column":4},"end":{"line":498,"column":71}},"226":{"start":{"line":499,"column":4},"end":{"line":499,"column":14}},"227":{"start":{"line":502,"column":2},"end":{"line":535,"column":3}},"228":{"start":{"line":503,"column":4},"end":{"line":503,"column":86}},"229":{"start":{"line":505,"column":28},"end":{"line":509,"column":15}},"230":{"start":{"line":511,"column":4},"end":{"line":516,"column":5}},"231":{"start":{"line":512,"column":6},"end":{"line":514,"column":7}},"232":{"start":{"line":513,"column":8},"end":{"line":513,"column":65}},"233":{"start":{"line":515,"column":6},"end":{"line":515,"column":16}},"234":{"start":{"line":519,"column":20},"end":{"line":519,"column":54}},"235":{"start":{"line":522,"column":4},"end":{"line":526,"column":7}},"236":{"start":{"line":523,"column":20},"end":{"line":523,"column":71}},"237":{"start":{"line":524,"column":20},"end":{"line":524,"column":71}},"238":{"start":{"line":525,"column":6},"end":{"line":525,"column":27}},"239":{"start":{"line":529,"column":22},"end":{"line":529,"column":59}},"240":{"start":{"line":530,"column":4},"end":{"line":530,"column":74}},"241":{"start":{"line":531,"column":4},"end":{"line":531,"column":21}},"242":{"start":{"line":533,"column":4},"end":{"line":533,"column":70}},"243":{"start":{"line":534,"column":4},"end":{"line":534,"column":14}},"244":{"start":{"line":548,"column":13},"end":{"line":548,"column":32}},"245":{"start":{"line":549,"column":2},"end":{"line":552,"column":3}},"246":{"start":{"line":550,"column":4},"end":{"line":550,"column":67}},"247":{"start":{"line":551,"column":4},"end":{"line":551,"column":11}},"248":{"start":{"line":554,"column":2},"end":{"line":609,"column":3}},"249":{"start":{"line":555,"column":4},"end":{"line":558,"column":5}},"250":{"start":{"line":556,"column":6},"end":{"line":556,"column":51}},"251":{"start":{"line":557,"column":6},"end":{"line":557,"column":13}},"252":{"start":{"line":560,"column":4},"end":{"line":560,"column":78}},"253":{"start":{"line":563,"column":39},"end":{"line":567,"column":15}},"254":{"start":{"line":569,"column":4},"end":{"line":571,"column":5}},"255":{"start":{"line":570,"column":6},"end":{"line":570,"column":22}},"256":{"start":{"line":574,"column":28},"end":{"line":574,"column":74}},"257":{"start":{"line":577,"column":24},"end":{"line":577,"column":86}},"258":{"start":{"line":577,"column":64},"end":{"line":577,"column":68}},"259":{"start":{"line":578,"column":29},"end":{"line":578,"column":83}},"260":{"start":{"line":578,"column":56},"end":{"line":578,"column":82}},"261":{"start":{"line":581,"column":21},"end":{"line":585,"column":6}},"262":{"start":{"line":582,"column":20},"end":{"line":582,"column":71}},"263":{"start":{"line":583,"column":20},"end":{"line":583,"column":71}},"264":{"start":{"line":584,"column":6},"end":{"line":584,"column":27}},"265":{"start":{"line":588,"column":28},"end":{"line":593,"column":6}},"266":{"start":{"line":595,"column":35},"end":{"line":598,"column":6}},"267":{"start":{"line":600,"column":4},"end":{"line":603,"column":5}},"268":{"start":{"line":601,"column":6},"end":{"line":601,"column":74}},"269":{"start":{"line":602,"column":6},"end":{"line":602,"column":24}},"270":{"start":{"line":605,"column":4},"end":{"line":605,"column":96}},"271":{"start":{"line":607,"column":4},"end":{"line":607,"column":75}},"272":{"start":{"line":608,"column":4},"end":{"line":608,"column":14}},"273":{"start":{"line":615,"column":13},"end":{"line":615,"column":32}},"274":{"start":{"line":616,"column":2},"end":{"line":616,"column":54}},"275":{"start":{"line":616,"column":11},"end":{"line":616,"column":54}},"276":{"start":{"line":617,"column":2},"end":{"line":617,"column":45}},"277":{"start":{"line":621,"column":13},"end":{"line":621,"column":32}},"278":{"start":{"line":622,"column":2},"end":{"line":622,"column":54}},"279":{"start":{"line":622,"column":11},"end":{"line":622,"column":54}},"280":{"start":{"line":623,"column":2},"end":{"line":623,"column":57}},"281":{"start":{"line":627,"column":13},"end":{"line":627,"column":32}},"282":{"start":{"line":628,"column":2},"end":{"line":628,"column":18}},"283":{"start":{"line":628,"column":11},"end":{"line":628,"column":18}},"284":{"start":{"line":629,"column":2},"end":{"line":629,"column":26}},"285":{"start":{"line":633,"column":13},"end":{"line":633,"column":32}},"286":{"start":{"line":634,"column":2},"end":{"line":634,"column":23}},"287":{"start":{"line":634,"column":11},"end":{"line":634,"column":23}},"288":{"start":{"line":635,"column":19},"end":{"line":635,"column":45}},"289":{"start":{"line":636,"column":2},"end":{"line":636,"column":22}},"290":{"start":{"line":640,"column":13},"end":{"line":640,"column":32}},"291":{"start":{"line":641,"column":2},"end":{"line":641,"column":72}},"292":{"start":{"line":641,"column":11},"end":{"line":641,"column":72}},"293":{"start":{"line":642,"column":2},"end":{"line":642,"column":45}}},"fnMap":{"0":{"name":"(anonymous_0)","decl":{"start":{"line":645,"column":9},"end":{"line":645,"column":24}},"loc":{"start":{"line":645,"column":9},"end":{"line":1,"column":69}}},"1":{"name":"fetchPosts","decl":{"start":{"line":61,"column":22},"end":{"line":61,"column":32}},"loc":{"start":{"line":61,"column":50},"end":{"line":75,"column":1}}},"2":{"name":"(anonymous_2)","decl":{"start":{"line":71,"column":26},"end":{"line":71,"column":27}},"loc":{"start":{"line":71,"column":39},"end":{"line":74,"column":4}}},"3":{"name":"fetchFeaturedPost","decl":{"start":{"line":77,"column":22},"end":{"line":77,"column":39}},"loc":{"start":{"line":77,"column":39},"end":{"line":96,"column":1}}},"4":{"name":"createPost","decl":{"start":{"line":98,"column":22},"end":{"line":98,"column":32}},"loc":{"start":{"line":100,"column":1},"end":{"line":131,"column":1}}},"5":{"name":"fetchComments","decl":{"start":{"line":133,"column":22},"end":{"line":133,"column":35}},"loc":{"start":{"line":133,"column":50},"end":{"line":143,"column":1}}},"6":{"name":"createComment","decl":{"start":{"line":145,"column":22},"end":{"line":145,"column":35}},"loc":{"start":{"line":147,"column":1},"end":{"line":176,"column":1}}},"7":{"name":"updateComment","decl":{"start":{"line":178,"column":22},"end":{"line":178,"column":35}},"loc":{"start":{"line":178,"column":70},"end":{"line":205,"column":1}}},"8":{"name":"deleteComment","decl":{"start":{"line":207,"column":22},"end":{"line":207,"column":35}},"loc":{"start":{"line":207,"column":53},"end":{"line":258,"column":1}}},"9":{"name":"updatePost","decl":{"start":{"line":260,"column":22},"end":{"line":260,"column":32}},"loc":{"start":{"line":260,"column":94},"end":{"line":290,"column":1}}},"10":{"name":"deletePost","decl":{"start":{"line":292,"column":22},"end":{"line":292,"column":32}},"loc":{"start":{"line":292,"column":47},"end":{"line":316,"column":1}}},"11":{"name":"saveUserData","decl":{"start":{"line":320,"column":22},"end":{"line":320,"column":34}},"loc":{"start":{"line":320,"column":102},"end":{"line":346,"column":1}}},"12":{"name":"loadUserData","decl":{"start":{"line":348,"column":22},"end":{"line":348,"column":34}},"loc":{"start":{"line":348,"column":49},"end":{"line":375,"column":1}}},"13":{"name":"loadUserDataPartial","decl":{"start":{"line":383,"column":22},"end":{"line":383,"column":41}},"loc":{"start":{"line":386,"column":25},"end":{"line":432,"column":1}}},"14":{"name":"(anonymous_14)","decl":{"start":{"line":400,"column":23},"end":{"line":400,"column":25}},"loc":{"start":{"line":400,"column":29},"end":{"line":400,"column":46}}},"15":{"name":"saveUserDataPartial","decl":{"start":{"line":438,"column":22},"end":{"line":438,"column":41}},"loc":{"start":{"line":441,"column":46},"end":{"line":484,"column":1}}},"16":{"name":"(anonymous_16)","decl":{"start":{"line":460,"column":36},"end":{"line":460,"column":37}},"loc":{"start":{"line":460,"column":58},"end":{"line":462,"column":5}}},"17":{"name":"(anonymous_17)","decl":{"start":{"line":465,"column":41},"end":{"line":465,"column":42}},"loc":{"start":{"line":465,"column":66},"end":{"line":467,"column":5}}},"18":{"name":"loadHistoryPaginated","decl":{"start":{"line":490,"column":22},"end":{"line":490,"column":42}},"loc":{"start":{"line":494,"column":20},"end":{"line":536,"column":1}}},"19":{"name":"(anonymous_19)","decl":{"start":{"line":522,"column":17},"end":{"line":522,"column":18}},"loc":{"start":{"line":522,"column":36},"end":{"line":526,"column":5}}},"20":{"name":"appendToHistory","decl":{"start":{"line":542,"column":22},"end":{"line":542,"column":37}},"loc":{"start":{"line":546,"column":34},"end":{"line":610,"column":1}}},"21":{"name":"(anonymous_21)","decl":{"start":{"line":577,"column":52},"end":{"line":577,"column":53}},"loc":{"start":{"line":577,"column":64},"end":{"line":577,"column":68}}},"22":{"name":"(anonymous_22)","decl":{"start":{"line":578,"column":47},"end":{"line":578,"column":52}},"loc":{"start":{"line":578,"column":56},"end":{"line":578,"column":82}}},"23":{"name":"(anonymous_23)","decl":{"start":{"line":581,"column":68},"end":{"line":581,"column":69}},"loc":{"start":{"line":581,"column":87},"end":{"line":585,"column":5}}},"24":{"name":"signUp","decl":{"start":{"line":614,"column":22},"end":{"line":614,"column":28}},"loc":{"start":{"line":614,"column":60},"end":{"line":618,"column":1}}},"25":{"name":"signIn","decl":{"start":{"line":620,"column":22},"end":{"line":620,"column":28}},"loc":{"start":{"line":620,"column":60},"end":{"line":624,"column":1}}},"26":{"name":"signOut","decl":{"start":{"line":626,"column":22},"end":{"line":626,"column":29}},"loc":{"start":{"line":626,"column":29},"end":{"line":630,"column":1}}},"27":{"name":"getSession","decl":{"start":{"line":632,"column":22},"end":{"line":632,"column":32}},"loc":{"start":{"line":632,"column":32},"end":{"line":637,"column":1}}},"28":{"name":"onAuthStateChange","decl":{"start":{"line":639,"column":16},"end":{"line":639,"column":33}},"loc":{"start":{"line":639,"column":81},"end":{"line":643,"column":1}}},"29":{"name":"(anonymous_29)","decl":{"start":{"line":641,"column":57},"end":{"line":641,"column":60}},"loc":{"start":{"line":641,"column":62},"end":{"line":641,"column":65}}}},"branchMap":{"0":{"loc":{"start":{"line":63,"column":2},"end":{"line":63,"column":21}},"type":"if","locations":[{"start":{"line":63,"column":2},"end":{"line":63,"column":21}}]},"1":{"loc":{"start":{"line":68,"column":2},"end":{"line":68,"column":77}},"type":"if","locations":[{"start":{"line":68,"column":2},"end":{"line":68,"column":77}}]},"2":{"loc":{"start":{"line":68,"column":6},"end":{"line":68,"column":36}},"type":"binary-expr","locations":[{"start":{"line":68,"column":6},"end":{"line":68,"column":14}},{"start":{"line":68,"column":18},"end":{"line":68,"column":36}}]},"3":{"loc":{"start":{"line":70,"column":2},"end":{"line":70,"column":25}},"type":"if","locations":[{"start":{"line":70,"column":2},"end":{"line":70,"column":25}}]},"4":{"loc":{"start":{"line":71,"column":10},"end":{"line":71,"column":20}},"type":"binary-expr","locations":[{"start":{"line":71,"column":10},"end":{"line":71,"column":14}},{"start":{"line":71,"column":18},"end":{"line":71,"column":20}}]},"5":{"loc":{"start":{"line":73,"column":19},"end":{"line":73,"column":52}},"type":"binary-expr","locations":[{"start":{"line":73,"column":19},"end":{"line":73,"column":47}},{"start":{"line":73,"column":51},"end":{"line":73,"column":52}}]},"6":{"loc":{"start":{"line":79,"column":2},"end":{"line":79,"column":23}},"type":"if","locations":[{"start":{"line":79,"column":2},"end":{"line":79,"column":23}}]},"7":{"loc":{"start":{"line":87,"column":4},"end":{"line":90,"column":5}},"type":"if","locations":[{"start":{"line":87,"column":4},"end":{"line":90,"column":5}}]},"8":{"loc":{"start":{"line":91,"column":11},"end":{"line":91,"column":53}},"type":"cond-expr","locations":[{"start":{"line":91,"column":39},"end":{"line":91,"column":46}},{"start":{"line":91,"column":49},"end":{"line":91,"column":53}}]},"9":{"loc":{"start":{"line":91,"column":12},"end":{"line":91,"column":35}},"type":"binary-expr","locations":[{"start":{"line":91,"column":12},"end":{"line":91,"column":16}},{"start":{"line":91,"column":20},"end":{"line":91,"column":35}}]},"10":{"loc":{"start":{"line":102,"column":2},"end":{"line":102,"column":54}},"type":"if","locations":[{"start":{"line":102,"column":2},"end":{"line":102,"column":54}}]},"11":{"loc":{"start":{"line":106,"column":2},"end":{"line":106,"column":75}},"type":"if","locations":[{"start":{"line":106,"column":2},"end":{"line":106,"column":75}}]},"12":{"loc":{"start":{"line":106,"column":6},"end":{"line":106,"column":24}},"type":"binary-expr","locations":[{"start":{"line":106,"column":6},"end":{"line":106,"column":15}},{"start":{"line":106,"column":19},"end":{"line":106,"column":24}}]},"13":{"loc":{"start":{"line":120,"column":4},"end":{"line":123,"column":5}},"type":"if","locations":[{"start":{"line":120,"column":4},"end":{"line":123,"column":5}}]},"14":{"loc":{"start":{"line":122,"column":22},"end":{"line":122,"column":62}},"type":"binary-expr","locations":[{"start":{"line":122,"column":22},"end":{"line":122,"column":35}},{"start":{"line":122,"column":39},"end":{"line":122,"column":62}}]},"15":{"loc":{"start":{"line":125,"column":4},"end":{"line":125,"column":68}},"type":"if","locations":[{"start":{"line":125,"column":4},"end":{"line":125,"column":68}}]},"16":{"loc":{"start":{"line":135,"column":2},"end":{"line":135,"column":21}},"type":"if","locations":[{"start":{"line":135,"column":2},"end":{"line":135,"column":21}}]},"17":{"loc":{"start":{"line":141,"column":2},"end":{"line":141,"column":25}},"type":"if","locations":[{"start":{"line":141,"column":2},"end":{"line":141,"column":25}}]},"18":{"loc":{"start":{"line":142,"column":9},"end":{"line":142,"column":19}},
[...]
nd":{"line":52,"column":22}},"18":{"start":{"line":53,"column":4},"end":{"line":67,"column":5}},"19":{"start":{"line":54,"column":6},"end":{"line":54,"column":31}},"20":{"start":{"line":56,"column":6},"end":{"line":56,"column":33}},"21":{"start":{"line":57,"column":6},"end":{"line":60,"column":8}},"22":{"start":{"line":62,"column":6},"end":{"line":66,"column":7}},"23":{"start":{"line":63,"column":22},"end":{"line":63,"column":63}},"24":{"start":{"line":64,"column":8},"end":{"line":64,"column":74}},"25":{"start":{"line":65,"column":8},"end":{"line":65,"column":65}},"26":{"start":{"line":65,"column":37},"end":{"line":65,"column":63}},"27":{"start":{"line":70,"column":2},"end":{"line":70,"column":74}},"28":{"start":{"line":83,"column":27},"end":{"line":83,"column":98}},"29":{"start":{"line":86,"column":20},"end":{"line":86,"column":40}},"30":{"start":{"line":87,"column":2},"end":{"line":89,"column":5}},"31":{"start":{"line":88,"column":4},"end":{"line":88,"column":46}},"32":{"start":{"line":88,"column":17},"end":{"line":88,"column":46}},"33":{"start":{"line":92,"column":22},"end":{"line":92,"column":24}},"34":{"start":{"line":93,"column":15},"end":{"line":93,"column":32}},"35":{"start":{"line":96,"column":2},"end":{"line":110,"column":5}},"36":{"start":{"line":97,"column":23},"end":{"line":97,"column":72}},"37":{"start":{"line":99,"column":4},"end":{"line":109,"column":5}},"38":{"start":{"line":101,"column":24},"end":{"line":101,"column":91}},"39":{"start":{"line":102,"column":25},"end":{"line":102,"column":94}},"40":{"start":{"line":103,"column":6},"end":{"line":103,"column":68}},"41":{"start":{"line":104,"column":6},"end":{"line":104,"column":30}},"42":{"start":{"line":107,"column":6},"end":{"line":107,"column":29}},"43":{"start":{"line":108,"column":6},"end":{"line":108,"column":47}},"44":{"start":{"line":108,"column":24},"end":{"line":108,"column":47}},"45":{"start":{"line":113,"column":2},"end":{"line":120,"column":5}},"46":{"start":{"line":114,"column":4},"end":{"line":119,"column":5}},"47":{"start":{"line":115,"column":6},"end":{"line":115,"column":30}},"48":{"start":{"line":116,"column":11},"end":{"line":119,"column":5}},"49":{"start":{"line":118,"column":6},"end":{"line":118,"column":30}},"50":{"start":{"line":122,"column":2},"end":{"line":127,"column":4}},"51":{"start":{"line":140,"column":27},"end":{"line":140,"column":98}},"52":{"start":{"line":142,"column":2},"end":{"line":150,"column":3}},"53":{"start":{"line":144,"column":4},"end":{"line":149,"column":6}},"54":{"start":{"line":153,"column":17},"end":{"line":153,"column":29}},"55":{"start":{"line":155,"column":2},"end":{"line":170,"column":5}},"56":{"start":{"line":156,"column":23},"end":{"line":156,"column":33}},"57":{"start":{"line":157,"column":24},"end":{"line":157,"column":35}},"58":{"start":{"line":159,"column":4},"end":{"line":169,"column":5}},"59":{"start":{"line":161,"column":6},"end":{"line":161,"column":32}},"60":{"start":{"line":162,"column":11},"end":{"line":169,"column":5}},"61":{"start":{"line":164,"column":6},"end":{"line":164,"column":96}},"62":{"start":{"line":168,"column":6},"end":{"line":168,"column":32}},"63":{"start":{"line":172,"column":2},"end":{"line":177,"column":4}},"64":{"start":{"line":191,"column":2},"end":{"line":198,"column":3}},"65":{"start":{"line":192,"column":4},"end":{"line":197,"column":6}},"66":{"start":{"line":200,"column":2},"end":{"line":207,"column":3}},"67":{"start":{"line":201,"column":4},"end":{"line":206,"column":6}},"68":{"start":{"line":209,"column":2},"end":{"line":216,"column":3}},"69":{"start":{"line":210,"column":4},"end":{"line":215,"column":6}},"70":{"start":{"line":219,"column":22},"end":{"line":219,"column":75}},"71":{"start":{"line":221,"column":2},"end":{"line":235,"column":3}},"72":{"start":{"line":222,"column":4},"end":{"line":227,"column":31}},"73":{"start":{"line":229,"column":4},"end":{"line":234,"column":31}},"74":{"start":{"line":242,"column":2},"end":{"line":242,"column":65}},"75":{"start":{"line":249,"column":2},"end":{"line":252,"column":4}},"76":{"start":{"line":264,"column":2},"end":{"line":270,"column":4}},"77":{"start":{"line":280,"column":18},"end":{"line":280,"column":59}},"78":{"start":{"line":281,"column":2},"end":{"line":281,"column":40}},"79":{"start":{"line":289,"column":2},"end":{"line":292,"column":3}},"80":{"start":{"line":291,"column":4},"end":{"line":291,"column":27}},"81":{"start":{"line":294,"column":2},"end":{"line":309,"column":3}},"82":{"start":{"line":296,"column":4},"end":{"line":302,"column":5}},"83":{"start":{"line":301,"column":6},"end":{"line":301,"column":75}},"84":{"start":{"line":303,"column":4},"end":{"line":303,"column":27}},"85":{"start":{"line":304,"column":9},"end":{"line":309,"column":3}},"86":{"start":{"line":306,"column":4},"end":{"line":308,"column":5}},"87":{"start":{"line":307,"column":6},"end":{"line":307,"column":29}},"88":{"start":{"line":311,"column":2},"end":{"line":311,"column":25}},"89":{"start":{"line":325,"column":2},"end":{"line":327,"column":3}},"90":{"start":{"line":326,"column":4},"end":{"line":326,"column":16}},"91":{"start":{"line":330,"column":2},"end":{"line":332,"column":3}},"92":{"start":{"line":331,"column":4},"end":{"line":331,"column":17}},"93":{"start":{"line":335,"column":20},"end":{"line":335,"column":41}},"94":{"start":{"line":336,"column":21},"end":{"line":336,"column":43}},"95":{"start":{"line":338,"column":2},"end":{"line":338,"column":34}}},"fnMap":{"0":{"name":"calculateRetryDelay","decl":{"start":{"line":28,"column":16},"end":{"line":28,"column":35}},"loc":{"start":{"line":30,"column":44},"end":{"line":40,"column":1}}},"1":{"name":"syncWithRetry","decl":{"start":{"line":45,"column":22},"end":{"line":45,"column":35}},"loc":{"start":{"line":47,"column":35},"end":{"line":71,"column":1}}},"2":{"name":"(anonymous_2)","decl":{"start":{"line":65,"column":26},"end":{"line":65,"column":33}},"loc":{"start":{"line":65,"column":37},"end":{"line":65,"column":63}}},"3":{"name":"mergeArrays","decl":{"start":{"line":77,"column":9},"end":{"line":77,"column":20}},"loc":{"start":{"line":81,"column":31},"end":{"line":128,"column":1}}},"4":{"name":"(anonymous_4)","decl":{"start":{"line":87,"column":17},"end":{"line":87,"column":21}},"loc":{"start":{"line":87,"column":24},"end":{"line":89,"column":3}}},"5":{"name":"(anonymous_5)","decl":{"start":{"line":96,"column":16},"end":{"line":96,"column":25}},"loc":{"start":{"line":96,"column":28},"end":{"line":110,"column":3}}},"6":{"name":"(anonymous_6)","decl":{"start":{"line":113,"column":17},"end":{"line":113,"column":27}},"loc":{"start":{"line":113,"column":30},"end":{"line":120,"column":3}}},"7":{"name":"mergeObjects","decl":{"start":{"line":134,"column":9},"end":{"line":134,"column":21}},"loc":{"start":{"line":138,"column":31},"end":{"line":178,"column":1}}},"8":{"name":"(anonymous_8)","decl":{"start":{"line":155,"column":30},"end":{"line":155,"column":33}},"loc":{"start":{"line":155,"column":36},"end":{"line":170,"column":3}}},"9":{"name":"mergeDataWithConflictResolution","decl":{"start":{"line":183,"column":16},"end":{"line":183,"column":47}},"loc":{"start":{"line":188,"column":31},"end":{"line":236,"column":1}}},"10":{"name":"isPaginatedDataType","decl":{"start":{"line":241,"column":16},"end":{"line":241,"column":35}},"loc":{"start":{"line":241,"column":54},"end":{"line":243,"column":1}}},"11":{"name":"isAppendOnlyDataType","decl":{"start":{"line":248,"column":16},"end":{"line":248,"column":36}},"loc":{"start":{"line":248,"column":55},"end":{"line":253,"column":1}}},"12":{"name":"createSyncResult","decl":{"start":{"line":258,"column":16},"end":{"line":258,"column":32}},"loc":{"start":{"line":262,"column":16},"end":{"line":271,"column":1}}},"13":{"name":"calculateNextRetryTime","decl":{"start":{"line":276,"column":16},"end":{"line":276,"column":38}},"loc":{"start":{"line":278,"column":44},"end":{"line":282,"column":1}}},"14":{"name":"validateSyncData","decl":{"start":{"line":288,"column":16},"end":{"line":288,"column":32}},"loc":{"start":{"line":288,"column":70},"end":{"line":312,"column":1}}},"15":{"name":"detectConflict","decl":{"start":{"line":318,"column":16},"end":{"line":318,"column":30}},"loc":{"start":{"line":322,"column":32},"end":{"line":339,"column":1}}}},"branchMap":{"0":{"loc":{"start":{"line":30,"column":2},"end":{"line":30,"column":44}},"type":"default-arg","locations":[{"start":{"line":30,"column":24},"end":{"line":30,"column":44}}]},"1":{"loc":{"start":{"line":47,"column":2},"end":{"line":47,"column":35}},"type":"default-arg","locations":[{"start":{"line":47,"column":33},"end":{"line":47,"column":35}}]},"2":{"loc":{"start":{"line":62,"column":6},"end":{"line":66,"column":7}},"type":"if","locations":[{"start":{"line":62,"column":6},"end":{"line":66,"column":7}}]},"3":{"loc":{"start":{"line":70,"column":8},"end":{"line":70,"column":73}},"type":"binary-expr","locations":[{"start":{"line":70,"column":8},"end":{"line":70,"column":17}},{"start":{"line":70,"column":21},"end":{"line":70,"column":73}}]},"4":{"loc":{"start":{"line":83,"column":30},"end":{"line":83,"column":97}},"type":"binary-expr","locations":[{"start":{"line":83,"column":30},"end":{"line":83,"column":43}},{"start":{"line":83,"column":47},"end":{"line":83,"column":61}},{"start":{"line":83,"column":65},"end":{"line":83,"column":97}}]},"5":{"loc":{"start":{"line":88,"column":4},"end":{"line":88,"column":46}},"type":"if","locations":[{"start":{"line":88,"column":4},"end":{"line":88,"column":46}}]},"6":{"loc":{"start":{"line":97,"column":23},"end":{"line":97,"column":72}},"type":"cond-expr","locations":[{"start":{"line":97,"column":38},"end":{"line":97,"column":65}},{"start":{"line":97,"column":68},"end":{"line":97,"column":72}}]},"7":{"loc":{"start":{"line":99,"column":4},"end":{"line":109,"column":5}},"type":"if","locations":[{"start":{"line":99,"column":4},"end":{"line":109,"column":5}},{"start":{"line":105,"column":11},"end":{"line":109,"column":5}}]},"8":{"loc":{"start":{"line":101,"column":33},"end":{"line":101,"column":80}},"type":"binary-expr","locations":[{"start":{"line":101,"column":33},"end":{"line":101,"column":52}},{"start":{"line":101,"column":56},"end":{"line":101,"column":75}},{"start":{"line":101,"column":79},"end":{"line":101,"column":80}}]},"9":{"loc":{"start":{"line":102,"column":34},"end":{"line":102,"column":83}},"type":"binary-expr","locations":[{"start":{"line":102,"column":34},"end":{"line":102,"column":54}},{"start":{"line":102,"column":58},"end":{"line":102,"column":78}},{"start":{"line":102,"column":82},"end":{"line":102,"column":83}}]},"10":{"loc":{"start":{"line":103,"column":18},"end":{"line":103,"column":66}},"type":"cond-expr","locations":[{"start":{"line":103,"column":44},"end":{"line":103,"column":53}},{"start":{"line":103,"column":56},"end":{"line":103,"column":66}}]},"11":{"loc":{"start":{"line":108,"column":6},"end":{"line":108,"column":47}},"type":"if","locations":[{"start":{"line":108,"column":6},"end":{"line":108,"column":47}}]},"12":{"loc":{"start":{"line":114,"column":4},"end":{"line":119,"column":5}},"type":"if","locations":[{"start":{"line":114,"column":4},"end":{"line":119,"column":5}},{"start":{"line":116,"column":11},"end":{"line":119,"column":5}}]},"13":{"loc":{"start":{"line":114,"column":8},"end":{"line":114,"column":49}},"type":"binary-expr","locations":[{"start":{"line":114,"column":8},"end":{"line":114,"column":21}},{"start":{"line":114,"column":25},"end":{"line":114,"column":49}}]},"14":{"loc":{"start":{"line":116,"column":11},"end":{"line":119,"column":5}},"type":"if","locations":[{"start":{"line":116,"column":11},"end":{"line":119,"column":5}}]},"15":{"loc":{"start":{"line":125,"column":16},"end":{"line":125,"column":57}},"type":"cond-expr","locations":[{"start":{"line":125,"column":35},"end":{"line":125,"column":42}},{"start":{"line":125,"column":45},"end":{"line":125,"column":57}}]},"16":{"loc":{"start":{"line":140,"column":30},"end":{"line":140,"column":97}},"type":"binary-expr","locations":[{"start":{"line":140,"column":30},"end":{"line":140,"column":43}},{"start":{"line":140,"column":47},"end":{"line":140,"column":61}},{"start":{"line":140,"column":65},"end":{"line":140,"column":97}}]},"17":{"loc":{"start":{"line":142,"column":2},"end":{"line":150,"column":3}},"type":"if","locations":[{"start":{"line":142,"column":2},"end":{"line":150,"column":3}}]},"18":{"loc":{"start":{"line":142,"column":6},"end":{"line":142,"column":58}},"type":"binary-expr","locations":[{"start":{"line":142,"column":6},"end":{"line":142,"column":23}},{"start":{"line":142,"column":27},"end":{"line":142,"column":41}},{"start":{"line":142,"column":45},"end":{"line":142,"column":58}}]},"19":{"loc":{"start":{"line":159,"column":4},"end":{"line":169,"column":5}},"type":"if","locations":[{"start":{"line":159,"column":4},"end":{"line":169,"column":5}},{"start":{"line":162,"column":11},"end":{"line":169,"column":5}}]},"20":{"loc":{"start":{"line":162,"column":11},"end":{"line":169,"column":5}},"type":"if","locations":[{"start":{"line":162,"column":11},"end":{"line":169,"column":5}},{"start":{"line":165,"column":11},"end":{"line":169,"column":5}}]},"21":{"loc":{"start":{"line":162,"column":15},"end":{"line":162,"column":109}},"type":"binary-expr","locations":[{"start":{"line":162,"column":15},"end":{"line":162,"column":45}},{"start":{"line":162,"column":49},"end":{"line":162,"column":80}},{"start":{"line":162,"column":84},"end":{"line":162,"column":94}},{"start":{"line":162,"column":98},"end":{"line":162,"column":109}}]},"22":{"loc":{"start":{"line":175,"column":16},"end":{"line":175,"column":58}},"type":"cond-expr","locations":[{"start":{"line":175,"column":35},"end":{"line":175,"column":42}},{"start":{"line":175,"column":45},"end":{"line":175,"column":58}}]},"23":{"loc":{"start":{"line":191,"column":2},"end":{"line":198,"column":3}},"type":"if","locations":[{"start":{"line":191,"column":2},"end":{"line":198,"column":3}}]},"24":{"loc":{"start":{"line":191,"column":6},"end":{"line":191,"column":31}},"type":"binary-expr","locations":[{"start":{"line":191,"column":6},"end":{"line":191,"column":16}},{"start":{"line":191,"column":20},"end":{"line":191,"column":31}}]},"25":{"loc":{"start":{"line":200,"column":2},"end":{"line":207,"column":3}},"type":"if","locations":[{"start":{"line":200,"column":2},"end":{"line":207,"column":3}}]},"26":{"loc":{"start":{"line":209,"column":2},"end":{"line":216,"column":3}},"type":"if","locations":[{"start":{"line":209,"column":2},"end":{"line":216,"column":3}}]},"27":{"loc":{"start":{"line":219,"column":22},"end":{"line":219,"column":75}},"type":"binary-expr","locations":[{"start":{"line":219,"column":22},"end":{"line":219,"column":46}},{"start":{"line":219,"column":50},"end":{"line":219,"column":75}}]},"28":{"loc":{"start":{"line":221,"column":2},"end":{"line":235,"column":3}},"type":"if","locations":[{"start":{"line":221,"column":2},"end":{"line":235,"column":3}},{"start":{"line":228,"column":9},"end":{"line":235,"column":3}}]},"29":{"loc":{"start":{"line":250,"column":4},"end":{"line":251,"column":59}},"type":"binary-expr","locations":[{"start":{"line":250,"column":4},"end":{"line":250,"column":62}},{"start":{"line":251,"column":4},"end":{"line":251,"column":59}}]},"30":{"loc":{"start":{"line":261,"column":2},"end":{"line":261,"column":25}},"type":"default-arg","locations":[{"start":{"line":261,"column":24},"end":{"line":261,"column":25}}]},"31":{"loc":{"start":{"line":278,"column":2},"end":{"line":278,"column":44}},"type":"default-arg","locations":[{"start":{"line":278,"column":24},"end":{"line":278,"column":44}}]},"32":{"loc":{"start":{"line":289,"column":2},"end":{"line":292,"column":3}},"type":"if","locations":[{"start":{"line":289,"column":2},"end":{"line":292,"column":3}}]},"33":{"loc":{"start":{"line":294,"column":2},"end":{"line":309,"column":3}},"type":"if","locations":[{"start":{"line":294,"column":2},"end":{"line":309,"column":3}},{"start":{"line":304,"column":9},"end":{"line":309,"column":3}}]},"34":{"loc":{"start":{"line":296,"column":4},"end":{"line":302,"column":5}},"type":"if","locations":[{"start":{"line":296,"column":4},"end":{"line":302,"column":5}}]},"35":{"loc":{"start":{"line":296,"column":8},"end":{"line":300,"column":29}},"type":"binary-expr","locations":[{"start":{"line":296,"column":8},"end":{"line":296,"column":67}},{"start":{"line":297,"column":8},"end":{"line":297,"column":64}},{"start":{"line":298,"column":8},"end":{"line":298,"column":38}},{"start":{"line":299,"column":8},"end":{"line":299,"column":38}},{"start":{"line":300,"column":8},"end":{"line":300,"column":29}}]},"36":{"loc":{"start":{"line":304,"column":9},"end":{"line":309,"column":3}},"type":"if","locations":[{"start":{"line":304,"column":9},"end":{"line":309,"column":3}}]},"37":{"loc":{"start":{"line":306,"column":4},"end":{"line":308,"column":5}},"type":"if","locations":[{"start":{"line":306,"column":4},"end":{"line":308,"column":5}}]},"38":{"loc":{"start":{"line":306,"column":8},"end":{"line":306,"column":55}},"type":"binary-expr","locations":[{"start":{"line":306,"column":8},"end":{"line":306,"column":28}},{"start":{"line":306,"column":32},"end":{"line":306,"column":55}}]},"39":{"loc":{"start":{"line":325,"column":2},"end":{"line":327,"column":3}},"type":"if","locations":[{"start":{"line":325,"column":2},"end":{"line":327,"column":3}}]},"40":{"loc":{"start":{"line":325,"column":6},"end":{"line":325,"column":77}},"type":"binary-expr","locations":[{"start":{"line":325,"column":6},"end":{"line":325,"column":20}},{"start":{"line":325,"column":24},"end":{"line":325,"column":39}},{"start":{"line":325,"column":43},"end":{"line":325,"column":77}}]},"41":{"loc":{"start":{"line":330,"column":2},"end":{"line":332,"column":3}},"type":"if","locations":[{"start":{"line":330,"column":2},"end":{"line":332,"column":3}}]},"42":{"loc":{"start":{"line":330,"column":6},"end":{"line":330,"column":41}},"type":"binary-expr","locations":[{"start":{"line":330,"column":6},"end":{"line":330,"column":21}},{"start":{"line":330,"column":25},"end":{"line":330,"column":41}}]}},"s":{"0":1,"1":1,"2":1,"3":1,"4":1,"5":1,"6":1,"7":1,"8":1,"9":1,"10":1,"11":16,"12":16,"13":16,"14":5,"15":5,"16":5,"17":5,"18":8,"19":8,"20":7,"21":7,"22":7,"23":6,"24":6,"25":6,"26":6,"27":1,"28":0,"29":0,"30":0,"31":0,"32":0,"33":0,"34":0,"35":0,"36":0,"37":0,"38":0,"39":0,"40":0,"41":0,"42":0,"43":0,"44":0,"45":0,"46":0,"47":0,"48":0,"49":0,"50":0,"51":4,"52":4,"53":0,"54":4,"55":4,"56":5,"57":5,"58":5,"59":2,"60":3,"61":0,"62":3,"63":4,"64":6,"65":0,"66":6,"67":0,"68":6,"69":2,"70":4,"71":4,"72":0,"73":4,"74":0,"75":0,"76":0,"77":0,"78":0,"79":5,"80":0,"81":5,"82":0,"83":0,"84":0,"85":5,"86":0,"87":0,"88":5,"89":4,"90":0,"91":4,"92":4,"93":0,"94":0,"95":0},"f":{"0":16,"1":5,"2":6,"3":0,"4":0,"5":0,"6":0,"7":4,"8":5,"9":6,"10":0,"11":0,"12":0,"13":0,"14":5,"15":4},"b":{"0":[10],"1":[1],"2":[6],"3":[1,0],"4":[0,0,0],"5":[0],"6":[0,0],"7":[0,0],"8":[0,0,0],"9":[0,0,0],"10":[0,0],"11":[0],"12":[0,0],"13":[0,0],"14":[0],"15":[0,0],"16":[4,0,0],"17":[0],"18":[4,4,0],"19":[2,3],"20":[0,3],"21":[3,0,0,0],"22":[0,4],"23":[0],"24":[6,0],"25":[0],"26":[2],"27":[4,0],"28":[0,4],"29":[0,0],"30":[0],"31":[0],"32":[0],"33":[0,5],"34":[0],"35":[0,0,0,0,0],"36":[0],"37":[0],"38":[0,0],"39":[0],"40":[4,0,0],"41":[4],"42":[4,0]}}
,"C:\\Users\\USER\\Desktop\\CC ascend\\ascend\\src\\utils\\theme.ts": {"path":"C:\\Users\\USER\\Desktop\\CC ascend\\ascend\\src\\utils\\theme.ts","statementMap":{"0":{"start":{"line":1,"column":13},"end":{"line":30,"column":2}},"1":{"start":{"line":34,"column":13},"end":{"line":41,"column":2}},"2":{"start":{"line":44,"column":13},"end":{"line":52,"column":2}},"3":{"start":{"line":55,"column":13},"end":{"line":63,"column":2}},"4":{"start":{"line":66,"column":13},"end":{"line":71,"column":2}},"5":{"start":{"line":74,"column":13},"end":{"line":79,"column":2}},"6":{"start":{"line":81,"column":13},"end":{"line":87,"column":2}}},"fnMap":{},"branchMap":{},"s":{"0":0,"1":0,"2":0,"3":0,"4":0,"5":0,"6":0},"f":{},"b":{}}
}
