TN:
SF:src\types\sync.ts
FNF:0
FNH:0
DA:27,1
LF:1
LH:1
BRF:0
BRH:0
end_of_record
TN:
SF:src\utils\config.ts
FNF:0
FNH:0
DA:19,0
DA:34,0
DA:38,0
DA:41,0
LF:4
LH:0
BRDA:35,0,0,0
BRDA:35,0,1,0
BRF:2
BRH:0
end_of_record
TN:
SF:src\utils\eventsApi.ts
FN:11,fetchTemperature
FN:35,tempEmoji
FN:44,fetchLocalEvents
FN:84,(anonymous_3)
FNF:4
FNH:0
FNDA:0,fetchTemperature
FNDA:0,tempEmoji
FNDA:0,fetchLocalEvents
FNDA:0,(anonymous_3)
DA:8,0
DA:9,0
DA:12,0
DA:13,0
DA:14,0
DA:16,0
DA:18,0
DA:21,0
DA:22,0
DA:23,0
DA:24,0
DA:25,0
DA:26,0
DA:27,0
DA:28,0
DA:29,0
DA:31,0
DA:36,0
DA:37,0
DA:38,0
DA:39,0
DA:40,0
DA:41,0
DA:44,0
DA:49,0
DA:51,0
DA:53,0
DA:54,0
DA:55,0
DA:58,0
DA:61,0
DA:64,0
DA:68,0
DA:69,0
DA:70,0
DA:73,0
DA:74,0
DA:76,0
DA:78,0
DA:79,0
DA:83,0
DA:86,0
DA:87,0
DA:88,0
DA:91,0
DA:92,0
DA:96,0
DA:97,0
DA:98,0
DA:99,0
DA:100,0
DA:104,0
DA:105,0
DA:106,0
DA:107,0
DA:109,0
DA:110,0
DA:114,0
DA:115,0
DA:116,0
DA:118,0
DA:119,0
DA:120,0
DA:121,0
DA:122,0
DA:123,0
DA:124,0
DA:125,0
DA:126,0
DA:127,0
DA:128,0
DA:129,0
DA:130,0
DA:131,0
DA:132,0
DA:133,0
DA:134,0
DA:135,0
DA:136,0
DA:137,0
DA:138,0
DA:139,0
DA:140,0
DA:141,0
DA:142,0
DA:143,0
DA:144,0
DA:145,0
DA:146,0
DA:147,0
DA:148,0
DA:152,0
DA:154,0
DA:174,0
DA:176,0
DA:177,0
LF:96
LH:0
BRDA:12,0,0,0
BRDA:12,1,0,0
BRDA:12,1,1,0
BRDA:14,2,0,0
BRDA:22,3,0,0
BRDA:26,4,0,0
BRDA:26,5,0,0
BRDA:26,5,1,0
BRDA:36,6,0,0
BRDA:37,7,0,0
BRDA:38,8,0,0
BRDA:39,9,0,0
BRDA:40,10,0,0
BRDA:51,11,0,0
BRDA:51,11,1,0
BRDA:53,12,0,0
BRDA:68,13,0,0
BRDA:74,14,0,0
BRDA:74,14,1,0
BRDA:78,15,0,0
BRDA:91,16,0,0
BRDA:91,16,1,0
BRDA:91,17,0,0
BRDA:91,17,1,0
BRDA:91,17,2,0
BRDA:91,17,3,0
BRDA:96,18,0,0
BRDA:96,18,1,0
BRDA:99,19,0,0
BRDA:104,20,0,0
BRDA:104,20,1,0
BRDA:104,21,0,0
BRDA:104,21,1,0
BRDA:106,22,0,0
BRDA:109,23,0,0
BRDA:109,24,0,0
BRDA:109,24,1,0
BRDA:116,25,0,0
BRDA:119,26,0,0
BRDA:119,26,1,0
BRDA:122,27,0,0
BRDA:122,27,1,0
BRDA:125,28,0,0
BRDA:125,28,1,0
BRDA:128,29,0,0
BRDA:128,29,1,0
BRDA:131,30,0,0
BRDA:131,30,1,0
BRDA:134,31,0,0
BRDA:134,31,1,0
BRDA:137,32,0,0
BRDA:137,32,1,0
BRDA:140,33,0,0
BRDA:140,33,1,0
BRDA:143,34,0,0
BRDA:143,34,1,0
BRDA:146,35,0,0
BRDA:156,36,0,0
BRDA:156,36,1,0
BRDA:157,37,0,0
BRDA:157,37,1,0
BRDA:157,38,0,0
BRDA:157,38,1,0
BRDA:161,39,0,0
BRDA:161,39,1,0
BRDA:161,40,0,0
BRDA:161,40,1,0
BRDA:168,41,0,0
BRDA:168,41,1,0
BRDA:169,42,0,0
BRDA:169,42,1,0
BRF:71
BRH:0
end_of_record
TN:
SF:src\utils\migration.ts
FN:18,backupGuestData
FN:41,migrateGuestDataToCloud
FN:109,mergeGuestDataWithExisting
FN:153,mergeArraysByTimestamp
FN:160,(anonymous_4)
FN:166,(anonymous_5)
FN:177,hasGuestDataToMigrate
FNF:7
FNH:0
FNDA:0,backupGuestData
FNDA:0,migrateGuestDataToCloud
FNDA:0,mergeGuestDataWithExisting
FNDA:0,mergeArraysByTimestamp
FNDA:0,(anonymous_4)
FNDA:0,(anonymous_5)
FNDA:0,hasGuestDataToMigrate
DA:2,0
DA:18,0
DA:19,0
DA:41,0
DA:46,0
DA:48,0
DA:49,0
DA:50,0
DA:53,0
DA:54,0
DA:55,0
DA:56,0
DA:70,0
DA:71,0
DA:75,0
DA:79,0
DA:80,0
DA:83,0
DA:84,0
DA:89,0
DA:90,0
DA:92,0
DA:94,0
DA:95,0
DA:96,0
DA:98,0
DA:113,0
DA:157,0
DA:160,0
DA:161,0
DA:162,0
DA:166,0
DA:167,0
DA:168,0
DA:171,0
DA:177,0
DA:178,0
LF:37
LH:0
BRDA:70,0,0,0
BRDA:94,1,0,0
BRDA:94,1,1,0
BRDA:114,2,0,0
BRDA:114,2,1,0
BRDA:114,3,0,0
BRDA:114,3,1,0
BRDA:118,4,0,0
BRDA:118,4,1,0
BRDA:119,5,0,0
BRDA:119,5,1,0
BRDA:122,6,0,0
BRDA:122,6,1,0
BRDA:123,7,0,0
BRDA:123,7,1,0
BRDA:126,8,0,0
BRDA:126,8,1,0
BRDA:127,9,0,0
BRDA:127,9,1,0
BRDA:129,10,0,0
BRDA:129,10,1,0
BRDA:129,11,0,0
BRDA:129,11,1,0
BRDA:131,12,0,0
BRDA:131,12,1,0
BRDA:132,13,0,0
BRDA:132,13,1,0
BRDA:135,14,0,0
BRDA:135,14,1,0
BRDA:136,15,0,0
BRDA:136,15,1,0
BRDA:139,16,0,0
BRDA:139,16,1,0
BRDA:140,17,0,0
BRDA:140,17,1,0
BRDA:142,18,0,0
BRDA:142,18,1,0
BRDA:142,19,0,0
BRDA:142,19,1,0
BRDA:144,20,0,0
BRDA:144,20,1,0
BRDA:145,21,0,0
BRDA:145,21,1,0
BRDA:161,22,0,0
BRDA:161,22,1,0
BRDA:167,23,0,0
BRDA:167,23,1,0
BRDA:179,24,0,0
BRDA:179,24,1,0
BRDA:179,24,2,0
BRDA:179,24,3,0
BRDA:179,24,4,0
BRDA:179,24,5,0
BRDA:179,24,6,0
BRDA:179,24,7,0
BRDA:179,24,8,0
BRDA:179,24,9,0
BRDA:179,25,0,0
BRDA:179,25,1,0
BRDA:180,26,0,0
BRDA:180,26,1,0
BRDA:181,27,0,0
BRDA:181,27,1,0
BRDA:182,28,0,0
BRDA:182,28,1,0
BRDA:183,29,0,0
BRDA:183,29,1,0
BRDA:184,30,0,0
BRDA:184,30,1,0
BRDA:185,31,0,0
BRDA:185,31,1,0
BRDA:186,32,0,0
BRDA:186,32,1,0
BRDA:187,33,0,0
BRDA:187,33,1,0
BRDA:188,34,0,0
BRDA:188,34,1,0
BRF:77
BRH:0
end_of_record
TN:
SF:src\utils\profanityFilter.ts
FN:13,containsProfanity
FN:17,censorProfanity
FN:21,getProfanityWarning
FNF:3
FNH:0
FNDA:0,containsProfanity
FNDA:0,censorProfanity
FNDA:0,getProfanityWarning
DA:2,0
DA:11,0
DA:13,0
DA:14,0
DA:17,0
DA:18,0
DA:21,0
DA:22,0
LF:8
LH:0
BRF:0
BRH:0
end_of_record
TN:
SF:src\utils\responsive.ts
FN:13,useScreenWidth
FN:15,(anonymous_1)
FN:16,(anonymous_2)
FN:17,(anonymous_3)
FN:22,(anonymous_4)
FN:25,(anonymous_5)
FN:26,(anonymous_6)
FN:27,(anonymous_7)
FN:39,(anonymous_8)
FN:44,(anonymous_9)
FN:49,(anonymous_10)
FNF:11
FNH:0
FNDA:0,useScreenWidth
FNDA:0,(anonymous_1)
FNDA:0,(anonymous_2)
FNDA:0,(anonymous_3)
FNDA:0,(anonymous_4)
FNDA:0,(anonymous_5)
FNDA:0,(anonymous_6)
FNDA:0,(anonymous_7)
FNDA:0,(anonymous_8)
FNDA:0,(anonymous_9)
FNDA:0,(anonymous_10)
DA:1,0
DA:2,0
DA:3,0
DA:6,0
DA:13,0
DA:14,0
DA:15,0
DA:16,0
DA:17,0
DA:19,0
DA:22,0
DA:25,0
DA:26,0
DA:27,0
DA:28,0
DA:29,0
DA:33,0
DA:34,0
DA:35,0
DA:36,0
DA:39,0
DA:40,0
DA:44,0
DA:45,0
DA:49,0
DA:50,0
DA:54,0
DA:61,0
LF:28
LH:0
BRDA:29,0,0,0
BRDA:29,0,1,0
BRDA:45,1,0,0
BRDA:45,1,1,0
BRDA:45,2,0,0
BRDA:45,2,1,0
BRF:6
BRH:0
end_of_record
TN:
SF:src\utils\runtimeConfig.ts
FN:24,loadRuntimeConfig
FN:42,saveRuntimeConfig
FN:50,getRuntimeConfig
FN:54,isSupabaseReady
FN:58,isMeetupReady
FN:63,getSupabaseClient
FNF:6
FNH:0
FNDA:0,loadRuntimeConfig
FNDA:0,saveRuntimeConfig
FNDA:0,getRuntimeConfig
FNDA:0,isSupabaseReady
FNDA:0,isMeetupReady
FNDA:0,getSupabaseClient
DA:5,0
DA:6,0
DA:7,0
DA:15,0
DA:21,0
DA:24,0
DA:25,0
DA:32,0
DA:37,0
DA:38,0
DA:42,0
DA:43,0
DA:44,0
DA:45,0
DA:46,0
DA:47,0
DA:50,0
DA:51,0
DA:54,0
DA:55,0
DA:58,0
DA:59,0
DA:63,0
DA:64,0
DA:65,0
DA:66,0
DA:68,0
LF:27
LH:0
BRDA:18,0,0,0
BRDA:18,0,1,0
BRDA:33,1,0,0
BRDA:33,1,1,0
BRDA:34,2,0,0
BRDA:34,2,1,0
BRDA:35,3,0,0
BRDA:35,3,1,0
BRDA:35,3,2,0
BRDA:43,4,0,0
BRDA:44,5,0,0
BRDA:45,6,0,0
BRDA:55,7,0,0
BRDA:55,7,1,0
BRDA:64,8,0,0
BRDA:65,9,0,0
BRF:16
BRH:0
end_of_record
TN:
SF:src\utils\storage.ts
FN:29,getData
FN:39,setData
FN:48,removeData
FN:57,clearAllData
FN:80,(anonymous_5)
FNF:5
FNH:0
FNDA:0,getData
FNDA:0,setData
FNDA:0,removeData
FNDA:0,clearAllData
FNDA:0,(anonymous_5)
DA:1,0
DA:3,0
DA:29,0
DA:30,0
DA:31,0
DA:32,0
DA:34,0
DA:35,0
DA:39,0
DA:40,0
DA:41,0
DA:43,0
DA:48,0
DA:49,0
DA:50,0
DA:52,0
DA:57,0
DA:58,0
DA:60,0
DA:80,0
DA:81,0
DA:83,0
DA:88,0
LF:23
LH:0
BRDA:32,0,0,0
BRDA:32,0,1,0
BRDA:34,1,0,0
BRDA:34,1,1,0
BRDA:43,2,0,0
BRDA:43,2,1,0
BRDA:52,3,0,0
BRDA:52,3,1,0
BRDA:83,4,0,0
BRDA:83,4,1,0
BRF:10
BRH:0
end_of_record
TN:
SF:src\utils\supabase.ts
FN:645,(anonymous_0)
FN:61,fetchPosts
FN:71,(anonymous_2)
FN:77,fetchFeaturedPost
FN:98,createPost
FN:133,fetchComments
FN:145,createComment
FN:178,updateComment
FN:207,deleteComment
FN:260,updatePost
FN:292,deletePost
FN:320,saveUserData
FN:348,loadUserData
FN:383,loadUserDataPartial
FN:400,(anonymous_14)
FN:438,saveUserDataPartial
FN:460,(anonymous_16)
FN:465,(anonymous_17)
FN:490,loadHistoryPaginated
FN:522,(anonymous_19)
FN:542,appendToHistory
FN:577,(anonymous_21)
FN:578,(anonymous_22)
FN:581,(anonymous_23)
FN:614,signUp
FN:620,signIn
FN:626,signOut
FN:632,getSession
FN:639,onAuthStateChange
FN:641,(anonymous_29)
FNF:30
FNH:0
FNDA:0,(anonymous_0)
FNDA:0,fetchPosts
FNDA:0,(anonymous_2)
FNDA:0,fetchFeaturedPost
FNDA:0,createPost
FNDA:0,fetchComments
FNDA:0,createComment
FNDA:0,updateComment
FNDA:0,deleteComment
FNDA:0,updatePost
FNDA:0,deletePost
FNDA:0,saveUserData
FNDA:0,loadUserData
FNDA:0,loadUserDataPartial
FNDA:0,(anonymous_14)
FNDA:0,saveUserDataPartial
FNDA:0,(anonymous_16)
FNDA:0,(anonymous_17)
FNDA:0,loadHistoryPaginated
FNDA:0,(anonymous_19)
FNDA:0,appendToHistory
FNDA:0,(anonymous_21)
FNDA:0,(anonymous_22)
FNDA:0,(anonymous_23)
FNDA:0,signUp
FNDA:0,signIn
FNDA:0,signOut
FNDA:0,getSession
FNDA:0,onAuthStateChange
FNDA:0,(anonymous_29)
DA:1,0
DA:61,0
DA:62,0
DA:63,0
DA:64,0
DA:68,0
DA:69,0
DA:70,0
DA:71,0
DA:77,0
DA:78,0
DA:79,0
DA:80,0
DA:81,0
DA:87,0
DA:88,0
DA:89,0
DA:91,0
DA:93,0
DA:94,0
DA:98,0
DA:101,0
DA:102,0
DA:105,0
DA:106,0
DA:108,0
DA:110,0
DA:120,0
DA:121,0
DA:122,0
DA:125,0
DA:126,0
DA:128,0
DA:129,0
DA:133,0
DA:134,0
DA:135,0
DA:136,0
DA:141,0
DA:142,0
DA:145,0
DA:148,0
DA:149,0
DA:152,0
DA:153,0
DA:155,0
DA:156,0
DA:166,0
DA:167,0
DA:168,0
DA:171,0
DA:173,0
DA:174,0
DA:178,0
DA:179,0
DA:180,0
DA:183,0
DA:184,0
DA:186,0
DA:187,0
DA:195,0
DA:196,0
DA:197,0
DA:200,0
DA:202,0
DA:203,0
DA:207,0
DA:208,0
DA:209,0
DA:211,0
DA:213,0
DA:215,0
DA:221,0
DA:222,0
DA:223,0
DA:227,0
DA:228,0
DA:229,0
DA:230,0
DA:233,0
DA:236,0
DA:237,0
DA:238,0
DA:242,0
DA:247,0
DA:248,0
DA:249,0
DA:252,0
DA:253,0
DA:255,0
DA:256,0
DA:260,0
DA:261,0
DA:262,0
DA:265,0
DA:266,0
DA:268,0
DA:269,0
DA:280,0
DA:281,0
DA:282,0
DA:285,0
DA:287,0
DA:288,0
DA:292,0
DA:293,0
DA:294,0
DA:296,0
DA:298,0
DA:300,0
DA:305,0
DA:306,0
DA:307,0
DA:310,0
DA:311,0
DA:313,0
DA:314,0
DA:320,0
DA:321,0
DA:322,0
DA:323,0
DA:324,0
DA:326,0
DA:327,0
DA:328,0
DA:333,0
DA:334,0
DA:336,0
DA:337,0
DA:339,0
DA:341,0
DA:343,0
DA:344,0
DA:348,0
DA:349,0
DA:350,0
DA:351,0
DA:352,0
DA:354,0
DA:355,0
DA:356,0
DA:357,0
DA:359,0
DA:360,0
DA:362,0
DA:364,0
DA:366,0
DA:367,0
DA:368,0
DA:370,0
DA:372,0
DA:373,0
DA:383,0
DA:388,0
DA:389,0
DA:390,0
DA:391,0
DA:394,0
DA:395,0
DA:400,0
DA:404,0
DA:405,0
DA:408,0
DA:409,0
DA:412,0
DA:414,0
DA:415,0
DA:416,0
DA:418,0
DA:420,0
DA:423,0
DA:424,0
DA:425,0
DA:427,0
DA:429,0
DA:430,0
DA:438,0
DA:443,0
DA:444,0
DA:445,0
DA:446,0
DA:449,0
DA:450,0
DA:453,0
DA:460,0
DA:461,0
DA:465,0
DA:466,0
DA:469,0
DA:471,0
DA:472,0
DA:473,0
DA:474,0
DA:476,0
DA:479,0
DA:481,0
DA:482,0
DA:490,0
DA:496,0
DA:497,0
DA:498,0
DA:499,0
DA:502,0
DA:503,0
DA:505,0
DA:511,0
DA:512,0
DA:513,0
DA:515,0
DA:519,0
DA:522,0
DA:523,0
DA:524,0
DA:525,0
DA:529,0
DA:530,0
DA:531,0
DA:533,0
DA:534,0
DA:542,0
DA:548,0
DA:549,0
DA:550,0
DA:551,0
DA:554,0
DA:555,0
DA:556,0
DA:557,0
DA:560,0
DA:563,0
DA:569,0
DA:570,0
DA:574,0
DA:577,0
DA:578,0
DA:581,0
DA:582,0
DA:583,0
DA:584,0
DA:588,0
DA:595,0
DA:600,0
DA:601,0
DA:602,0
DA:605,0
DA:607,0
DA:608,0
DA:614,0
DA:615,0
DA:616,0
DA:617,0
DA:620,0
DA:621,0
DA:622,0
DA:623,0
DA:626,0
DA:627,0
DA:628,0
DA:629,0
DA:632,0
DA:633,0
DA:634,0
DA:635,0
DA:636,0
DA:639,0
DA:640,0
DA:641,0
DA:642,0
DA:645,0
LF:269
LH:0
BRDA:63,0,0,0
BRDA:68,1,0,0
BRDA:68,2,0,0
BRDA:68,2,1,0
BRDA:70,3,0,0
BRDA:71,4,0,0
BRDA:71,4,1,0
BRDA:73,5,0,0
BRDA:73,5,1,0
BRDA:79,6,0,0
BRDA:87,7,0,0
BRDA:91,8,0,0
BRDA:91,8,1,0
BRDA:91,9,0,0
BRDA:91,9,1,0
BRDA:102,10,0,0
BRDA:106,11,0,0
BRDA:106,12,0,0
BRDA:106,12,1,0
BRDA:120,13,0,0
BRDA:122,14,0,0
BRDA:122,14,1,0
BRDA:125,15,0,0
BRDA:135,16,0,0
BRDA:141,17,0,0
BRDA:142,18,0,0
BRDA:142,18,1,0
BRDA:149,19,0,0
BRDA:153,20,0,0
BRDA:153,21,0,0
BRDA:153,21,1,0
BRDA:166,22,0,0
BRDA:168,23,0,0
BRDA:168,23,1,0
BRDA:180,24,0,0
BRDA:184,25,0,0
BRDA:184,26,0,0
BRDA:184,26,1,0
BRDA:195,27,0,0
BRDA:197,28,0,0
BRDA:197,28,1,0
BRDA:209,29,0,0
BRDA:221,30,0,0
BRDA:221,31,0,0
BRDA:221,31,1,0
BRDA:228,32,0,0
BRDA:228,33,0,0
BRDA:228,33,1,0
BRDA:236,34,0,0
BRDA:247,35,0,0
BRDA:249,36,0,0
BRDA:249,36,1,0
BRDA:256,37,0,0
BRDA:256,37,1,0
BRDA:262,38,0,0
BRDA:266,39,0,0
BRDA:266,40,0,0
BRDA:266,40,1,0
BRDA:280,41,0,0
BRDA:282,42,0,0
BRDA:282,42,1,0
BRDA:294,43,0,0
BRDA:305,44,0,0
BRDA:307,45,0,0
BRDA:307,45,1,0
BRDA:314,46,0,0
BRDA:314,46,1,0
BRDA:322,47,0,0
BRDA:333,48,0,0
BRDA:336,49,0,0
BRDA:336,50,0,0
BRDA:336,50,1,0
BRDA:336,50,2,0
BRDA:343,51,0,0
BRDA:343,51,1,0
BRDA:350,52,0,0
BRDA:357,53,0,0
BRDA:359,54,0,0
BRDA:359,54,1,0
BRDA:366,55,0,0
BRDA:372,56,0,0
BRDA:372,56,1,0
BRDA:389,57,0,0
BRDA:408,58,0,0
BRDA:414,59,0,0
BRDA:415,60,0,0
BRDA:415,60,1,0
BRDA:423,61,0,0
BRDA:429,62,0,0
BRDA:429,62,1,0
BRDA:444,63,0,0
BRDA:471,64,0,0
BRDA:473,65,0,0
BRDA:473,66,0,0
BRDA:473,66,1,0
BRDA:473,66,2,0
BRDA:481,67,0,0
BRDA:481,67,1,0
BRDA:493,68,0,0
BRDA:494,69,0,0
BRDA:497,70,0,0
BRDA:511,71,0,0
BRDA:511,72,0,0
BRDA:511,72,1,0
BRDA:512,73,0,0
BRDA:519,74,0,0
BRDA:519,74,1,0
BRDA:523,75,0,0
BRDA:523,75,1,0
BRDA:523,75,2,0
BRDA:524,76,0,0
BRDA:524,76,1,0
BRDA:524,76,2,0
BRDA:533,77,0,0
BRDA:533,77,1,0
BRDA:549,78,0,0
BRDA:555,79,0,0
BRDA:569,80,0,0
BRDA:569,81,0,0
BRDA:569,81,1,0
BRDA:574,82,0,0
BRDA:574,82,1,0
BRDA:574,83,0,0
BRDA:574,83,1,0
BRDA:582,84,0,0
BRDA:582,84,1,0
BRDA:582,84,2,0
BRDA:583,85,0,0
BRDA:583,85,1,0
BRDA:583,85,2,0
BRDA:600,86,0,0
BRDA:607,87,0,0
BRDA:607,87,1,0
BRDA:616,88,0,0
BRDA:622,89,0,0
BRDA:628,90,0,0
BRDA:634,91,0,0
BRDA:641,92,0,0
BRF:138
BRH:0
end_of_record
TN:
SF:src\utils\syncEngine.ts
FN:28,calculateRetryDelay
FN:45,syncWithRetry
FN:65,(anonymous_2)
FN:77,mergeArrays
FN:87,(anonymous_4)
FN:96,(anonymous_5)
FN:113,(anonymous_6)
FN:134,mergeObjects
FN:155,(anonymous_8)
FN:183,mergeDataWithConflictResolution
FN:241,isPaginatedDataType
FN:248,isAppendOnlyDataType
FN:258,createSyncResult
FN:276,calculateNextRetryTime
FN:288,validateSyncData
FN:318,detectConflict
FNF:16
FNH:8
FNDA:16,calculateRetryDelay
FNDA:5,syncWithRetry
FNDA:6,(anonymous_2)
FNDA:0,mergeArrays
FNDA:0,(anonymous_4)
FNDA:0,(anonymous_5)
FNDA:0,(anonymous_6)
FNDA:4,mergeObjects
FNDA:5,(anonymous_8)
FNDA:6,mergeDataWithConflictResolution
FNDA:0,isPaginatedDataType
FNDA:0,isAppendOnlyDataType
FNDA:0,createSyncResult
FNDA:0,calculateNextRetryTime
FNDA:5,validateSyncData
FNDA:4,detectConflict
DA:6,1
DA:17,1
DA:28,1
DA:32,16
DA:38,16
DA:39,16
DA:45,1
DA:49,5
DA:50,5
DA:52,5
DA:53,8
DA:54,8
DA:56,7
DA:57,7
DA:62,7
DA:63,6
DA:64,6
DA:65,6
DA:70,1
DA:83,0
DA:86,0
DA:87,0
DA:88,0
DA:92,0
DA:93,0
DA:96,0
DA:97,0
DA:99,0
DA:101,0
DA:102,0
DA:103,0
DA:104,0
DA:107,0
DA:108,0
DA:113,0
DA:114,0
DA:115,0
DA:116,0
DA:118,0
DA:122,0
DA:140,4
DA:142,4
DA:144,0
DA:153,4
DA:155,4
DA:156,5
DA:157,5
DA:159,5
DA:161,2
DA:162,3
DA:164,0
DA:168,3
DA:172,4
DA:183,1
DA:191,6
DA:192,0
DA:200,6
DA:201,0
DA:209,6
DA:210,2
DA:219,4
DA:221,4
DA:222,0
DA:229,4
DA:241,1
DA:242,0
DA:248,1
DA:249,0
DA:258,1
DA:264,0
DA:276,1
DA:280,0
DA:281,0
DA:288,1
DA:289,5
DA:291,0
DA:294,5
DA:296,0
DA:301,0
DA:303,0
DA:304,5
DA:306,0
DA:307,0
DA:311,5
DA:318,1
DA:325,4
DA:326,0
DA:330,4
DA:331,4
DA:335,0
DA:336,0
DA:338,0
LF:92
LH:51
BRDA:30,0,0,10
BRDA:47,1,0,1
BRDA:62,2,0,6
BRDA:70,3,0,1
BRDA:70,3,1,0
BRDA:83,4,0,0
BRDA:83,4,1,0
BRDA:83,4,2,0
BRDA:88,5,0,0
BRDA:97,6,0,0
BRDA:97,6,1,0
BRDA:99,7,0,0
BRDA:99,7,1,0
BRDA:101,8,0,0
BRDA:101,8,1,0
BRDA:101,8,2,0
BRDA:102,9,0,0
BRDA:102,9,1,0
BRDA:102,9,2,0
BRDA:103,10,0,0
BRDA:103,10,1,0
BRDA:108,11,0,0
BRDA:114,12,0,0
BRDA:114,12,1,0
BRDA:114,13,0,0
BRDA:114,13,1,0
BRDA:116,14,0,0
BRDA:125,15,0,0
BRDA:125,15,1,0
BRDA:140,16,0,4
BRDA:140,16,1,0
BRDA:140,16,2,0
BRDA:142,17,0,0
BRDA:142,18,0,4
BRDA:142,18,1,4
BRDA:142,18,2,0
BRDA:159,19,0,2
BRDA:159,19,1,3
BRDA:162,20,0,0
BRDA:162,20,1,3
BRDA:162,21,0,3
BRDA:162,21,1,0
BRDA:162,21,2,0
BRDA:162,21,3,0
BRDA:175,22,0,0
BRDA:175,22,1,4
BRDA:191,23,0,0
BRDA:191,24,0,6
BRDA:191,24,1,0
BRDA:200,25,0,0
BRDA:209,26,0,2
BRDA:219,27,0,4
BRDA:219,27,1,0
BRDA:221,28,0,0
BRDA:221,28,1,4
BRDA:250,29,0,0
BRDA:250,29,1,0
BRDA:261,30,0,0
BRDA:278,31,0,0
BRDA:289,32,0,0
BRDA:294,33,0,0
BRDA:294,33,1,5
BRDA:296,34,0,0
BRDA:296,35,0,0
BRDA:296,35,1,0
BRDA:296,35,2,0
BRDA:296,35,3,0
BRDA:296,35,4,0
BRDA:304,36,0,0
BRDA:306,37,0,0
BRDA:306,38,0,0
BRDA:306,38,1,0
BRDA:325,39,0,0
BRDA:325,40,0,4
BRDA:325,40,1,0
BRDA:325,40,2,0
BRDA:330,41,0,4
BRDA:330,42,0,4
BRDA:330,42,1,0
BRF:79
BRH:20
end_of_record
TN:
SF:src\utils\theme.ts
FNF:0
FNH:0
DA:1,0
DA:34,0
DA:44,0
DA:55,0
DA:66,0
DA:74,0
DA:81,0
LF:7
LH:0
BRF:0
BRH:0
end_of_record
